TN:
SF:controllers\StationWiseApprovalController.js
FN:14,(anonymous_0)
FN:49,(anonymous_1)
FN:111,(anonymous_2)
FN:144,(anonymous_3)
FN:171,(anonymous_4)
FNF:5
FNH:5
FNDA:4,(anonymous_0)
FNDA:8,(anonymous_1)
FNDA:4,(anonymous_2)
FNDA:3,(anonymous_3)
FNDA:4,(anonymous_4)
DA:6,1
DA:7,1
DA:15,4
DA:16,4
DA:18,4
DA:19,1
DA:25,3
DA:27,2
DA:35,1
DA:36,1
DA:50,8
DA:51,8
DA:53,8
DA:54,2
DA:60,6
DA:62,6
DA:63,1
DA:69,5
DA:76,4
DA:79,4
DA:80,4
DA:81,4
DA:91,4
DA:97,1
DA:98,1
DA:112,4
DA:113,4
DA:114,4
DA:116,4
DA:117,1
DA:123,3
DA:129,2
DA:131,1
DA:132,1
DA:145,3
DA:146,3
DA:147,3
DA:148,3
DA:150,3
DA:152,2
DA:158,1
DA:159,1
DA:172,4
DA:173,4
DA:175,4
DA:176,1
DA:182,3
DA:183,1
DA:189,2
DA:191,1
DA:196,1
DA:197,1
DA:206,1
LF:53
LH:53
BRDA:18,0,0,1
BRDA:18,0,1,3
BRDA:53,1,0,2
BRDA:53,1,1,6
BRDA:53,2,0,8
BRDA:53,2,1,7
BRDA:62,3,0,1
BRDA:62,3,1,5
BRDA:71,4,0,5
BRDA:71,4,1,1
BRDA:86,5,0,4
BRDA:86,5,1,1
BRDA:116,6,0,1
BRDA:116,6,1,3
BRDA:126,7,0,3
BRDA:126,7,1,1
BRDA:175,8,0,1
BRDA:175,8,1,3
BRDA:182,9,0,1
BRDA:182,9,1,2
BRF:20
BRH:20
end_of_record
TN:
SF:controllers\authController.js
FN:22,(anonymous_0)
FN:137,(anonymous_1)
FN:248,(anonymous_2)
FN:277,(anonymous_3)
FN:298,(anonymous_4)
FN:324,(anonymous_5)
FNF:6
FNH:6
FNDA:12,(anonymous_0)
FNDA:10,(anonymous_1)
FNDA:1,(anonymous_2)
FNDA:2,(anonymous_3)
FNDA:3,(anonymous_4)
FNDA:4,(anonymous_5)
DA:3,2
DA:4,2
DA:5,2
DA:6,2
DA:9,2
DA:10,2
DA:23,12
DA:24,12
DA:27,12
DA:28,3
DA:35,9
DA:36,9
DA:37,9
DA:39,9
DA:40,2
DA:47,7
DA:48,1
DA:55,6
DA:56,6
DA:57,1
DA:64,5
DA:70,5
DA:82,5
DA:89,5
DA:91,5
DA:98,5
DA:107,5
DA:124,0
DA:125,0
DA:138,10
DA:139,10
DA:142,10
DA:143,1
DA:149,9
DA:150,1
DA:157,8
DA:158,8
DA:159,8
DA:160,8
DA:162,8
DA:163,2
DA:170,6
DA:171,2
DA:178,4
DA:179,4
DA:180,1
DA:187,3
DA:188,3
DA:193,3
DA:199,3
DA:210,3
DA:217,3
DA:219,3
DA:226,3
DA:235,3
DA:248,1
DA:264,0
DA:265,0
DA:278,2
DA:281,2
DA:286,0
DA:299,3
DA:300,3
DA:302,3
DA:304,2
DA:307,2
DA:312,1
DA:325,4
DA:326,4
DA:328,4
DA:329,1
DA:336,3
DA:338,2
DA:339,1
DA:346,1
DA:355,1
DA:362,1
DA:363,1
DA:371,2
LF:79
LH:74
BRDA:9,0,0,2
BRDA:9,0,1,1
BRDA:10,1,0,2
BRDA:10,1,1,1
BRDA:27,2,0,3
BRDA:27,2,1,9
BRDA:27,3,0,12
BRDA:27,3,1,10
BRDA:39,4,0,2
BRDA:39,4,1,7
BRDA:47,5,0,1
BRDA:47,5,1,6
BRDA:56,6,0,1
BRDA:56,6,1,5
BRDA:142,7,0,1
BRDA:142,7,1,9
BRDA:149,8,0,1
BRDA:149,8,1,8
BRDA:149,9,0,9
BRDA:149,9,1,2
BRDA:159,10,0,7
BRDA:159,10,1,1
BRDA:162,11,0,2
BRDA:162,11,1,6
BRDA:170,12,0,2
BRDA:170,12,1,4
BRDA:179,13,0,1
BRDA:179,13,1,3
BRDA:302,14,0,2
BRDA:302,14,1,1
BRDA:328,15,0,1
BRDA:328,15,1,3
BRDA:338,16,0,1
BRDA:338,16,1,1
BRF:34
BRH:34
end_of_record
TN:
SF:controllers\configController.js
FN:8,(anonymous_0)
FNF:1
FNH:1
FNDA:14,(anonymous_0)
DA:2,1
DA:9,14
DA:21,14
DA:24,14
DA:27,14
DA:41,14
DA:42,14
DA:44,1
DA:47,14
DA:49,13
DA:51,13
DA:68,1
DA:73,1
LF:13
LH:13
BRDA:24,0,0,14
BRDA:24,0,1,4
BRF:2
BRH:2
end_of_record
TN:
SF:controllers\otpController.js
FN:9,(anonymous_0)
FN:75,(anonymous_1)
FNF:2
FNH:2
FNDA:9,(anonymous_0)
FNDA:6,(anonymous_1)
DA:2,1
DA:3,1
DA:10,9
DA:11,9
DA:13,9
DA:14,2
DA:21,7
DA:22,7
DA:24,7
DA:25,1
DA:32,6
DA:33,1
DA:40,5
DA:42,5
DA:43,1
DA:50,4
DA:57,3
DA:64,1
DA:65,1
DA:76,6
DA:77,6
DA:79,6
DA:80,3
DA:87,3
DA:89,2
DA:90,1
DA:96,1
DA:104,1
DA:105,1
DA:114,1
LF:30
LH:30
BRDA:13,0,0,2
BRDA:13,0,1,7
BRDA:13,1,0,9
BRDA:13,1,1,8
BRDA:24,2,0,1
BRDA:24,2,1,6
BRDA:32,3,0,1
BRDA:32,3,1,5
BRDA:40,4,0,5
BRDA:40,4,1,1
BRDA:42,5,0,1
BRDA:42,5,1,4
BRDA:54,6,0,4
BRDA:54,6,1,3
BRDA:67,7,0,1
BRDA:67,7,1,0
BRDA:79,8,0,3
BRDA:79,8,1,3
BRDA:79,9,0,6
BRDA:79,9,1,5
BRDA:79,9,2,4
BRDA:89,10,0,1
BRDA:89,10,1,1
BRF:23
BRH:22
end_of_record
TN:
SF:controllers\passengerController.js
FN:12,(anonymous_0)
FN:44,(anonymous_1)
FN:86,(anonymous_2)
FN:161,(anonymous_3)
FN:239,(anonymous_4)
FN:304,(anonymous_5)
FN:313,(anonymous_6)
FN:409,(anonymous_7)
FN:440,(anonymous_8)
FN:459,(anonymous_9)
FN:480,(anonymous_10)
FN:511,(anonymous_11)
FN:528,(anonymous_12)
FN:531,(anonymous_13)
FN:534,(anonymous_14)
FN:537,(anonymous_15)
FN:541,(anonymous_16)
FN:546,(anonymous_17)
FN:579,(anonymous_18)
FN:595,(anonymous_19)
FN:596,(anonymous_20)
FN:597,(anonymous_21)
FN:598,(anonymous_22)
FN:599,(anonymous_23)
FN:600,(anonymous_24)
FN:619,(anonymous_25)
FN:647,(anonymous_26)
FN:705,(anonymous_27)
FN:751,(anonymous_28)
FN:805,(anonymous_29)
FN:837,(anonymous_30)
FN:909,(anonymous_31)
FN:945,(anonymous_32)
FN:976,(anonymous_33)
FN:1009,(anonymous_34)
FN:1041,(anonymous_35)
FN:1072,(anonymous_36)
FN:1103,(anonymous_37)
FN:1125,(anonymous_38)
FN:1197,(anonymous_39)
FN:1202,(anonymous_40)
FN:1213,(anonymous_41)
FN:1226,(anonymous_42)
FN:1231,(anonymous_43)
FN:1282,(anonymous_44)
FN:1327,(anonymous_45)
FN:1328,(anonymous_46)
FN:1329,(anonymous_47)
FN:1387,(anonymous_48)
FN:1423,(anonymous_49)
FN:1514,(anonymous_50)
FN:1539,(anonymous_51)
FN:1567,(anonymous_52)
FNF:53
FNH:27
FNDA:4,(anonymous_0)
FNDA:4,(anonymous_1)
FNDA:7,(anonymous_2)
FNDA:2,(anonymous_3)
FNDA:0,(anonymous_4)
FNDA:0,(anonymous_5)
FNDA:0,(anonymous_6)
FNDA:0,(anonymous_7)
FNDA:0,(anonymous_8)
FNDA:0,(anonymous_9)
FNDA:2,(anonymous_10)
FNDA:0,(anonymous_11)
FNDA:0,(anonymous_12)
FNDA:0,(anonymous_13)
FNDA:0,(anonymous_14)
FNDA:0,(anonymous_15)
FNDA:0,(anonymous_16)
FNDA:0,(anonymous_17)
FNDA:1,(anonymous_18)
FNDA:3,(anonymous_19)
FNDA:3,(anonymous_20)
FNDA:3,(anonymous_21)
FNDA:3,(anonymous_22)
FNDA:3,(anonymous_23)
FNDA:3,(anonymous_24)
FNDA:1,(anonymous_25)
FNDA:1,(anonymous_26)
FNDA:1,(anonymous_27)
FNDA:2,(anonymous_28)
FNDA:0,(anonymous_29)
FNDA:4,(anonymous_30)
FNDA:2,(anonymous_31)
FNDA:1,(anonymous_32)
FNDA:1,(anonymous_33)
FNDA:1,(anonymous_34)
FNDA:4,(anonymous_35)
FNDA:3,(anonymous_36)
FNDA:0,(anonymous_37)
FNDA:5,(anonymous_38)
FNDA:0,(anonymous_39)
FNDA:1,(anonymous_40)
FNDA:0,(anonymous_41)
FNDA:0,(anonymous_42)
FNDA:0,(anonymous_43)
FNDA:1,(anonymous_44)
FNDA:0,(anonymous_45)
FNDA:0,(anonymous_46)
FNDA:0,(anonymous_47)
FNDA:0,(anonymous_48)
FNDA:1,(anonymous_49)
FNDA:0,(anonymous_50)
FNDA:0,(anonymous_51)
FNDA:0,(anonymous_52)
DA:2,1
DA:3,1
DA:4,1
DA:5,1
DA:6,1
DA:13,4
DA:14,4
DA:16,4
DA:17,1
DA:23,3
DA:24,3
DA:26,1
DA:31,2
DA:33,2
DA:34,2
DA:45,4
DA:46,4
DA:48,4
DA:49,1
DA:56,3
DA:60,2
DA:61,1
DA:70,1
DA:75,1
DA:76,1
DA:87,7
DA:88,7
DA:90,7
DA:91,1
DA:97,6
DA:98,6
DA:100,6
DA:101,1
DA:108,5
DA:113,4
DA:114,1
DA:121,3
DA:122,3
DA:123,3
DA:126,3
DA:127,3
DA:128,2
DA:129,2
DA:132,3
DA:133,3
DA:137,3
DA:138,3
DA:144,3
DA:150,1
DA:151,1
DA:162,2
DA:163,2
DA:165,2
DA:166,1
DA:172,1
DA:173,1
DA:176,1
DA:178,1
DA:180,1
DA:181,1
DA:183,1
DA:184,3
DA:185,2
DA:186,1
DA:190,2
DA:194,1
DA:202,1
DA:208,1
DA:209,1
DA:220,1
DA:228,0
DA:229,0
DA:240,0
DA:241,0
DA:244,0
DA:256,0
DA:257,0
DA:258,0
DA:264,0
DA:265,0
DA:266,0
DA:270,0
DA:272,0
DA:276,0
DA:280,0
DA:281,0
DA:286,0
DA:287,0
DA:293,0
DA:296,0
DA:297,0
DA:303,0
DA:304,0
DA:306,0
DA:307,0
DA:312,0
DA:313,0
DA:315,0
DA:316,0
DA:322,0
DA:327,0
DA:328,0
DA:334,0
DA:357,0
DA:360,0
DA:361,0
DA:365,0
DA:366,0
DA:370,0
DA:371,0
DA:372,0
DA:373,0
DA:378,0
DA:380,0
DA:382,0
DA:384,0
DA:388,0
DA:409,0
DA:411,0
DA:412,0
DA:413,0
DA:416,0
DA:419,0
DA:420,0
DA:425,0
DA:431,0
DA:432,0
DA:441,0
DA:442,0
DA:445,0
DA:446,0
DA:447,0
DA:448,0
DA:449,0
DA:452,0
DA:455,0
DA:460,0
DA:461,0
DA:463,0
DA:464,0
DA:466,0
DA:470,0
DA:474,0
DA:481,2
DA:482,2
DA:483,2
DA:484,1
DA:490,1
DA:492,1
DA:500,0
DA:501,0
DA:512,0
DA:513,0
DA:514,0
DA:516,0
DA:517,0
DA:523,0
DA:524,0
DA:526,0
DA:528,0
DA:529,0
DA:531,0
DA:532,0
DA:534,0
DA:535,0
DA:537,0
DA:538,0
DA:540,0
DA:541,0
DA:543,0
DA:545,0
DA:547,0
DA:551,0
DA:553,0
DA:559,0
DA:568,0
DA:569,0
DA:580,1
DA:581,1
DA:583,1
DA:584,0
DA:591,1
DA:593,1
DA:595,3
DA:596,3
DA:597,3
DA:598,3
DA:599,3
DA:600,3
DA:603,1
DA:608,0
DA:609,0
DA:620,1
DA:621,1
DA:622,1
DA:625,1
DA:627,1
DA:636,0
DA:637,0
DA:648,1
DA:649,1
DA:652,1
DA:653,1
DA:659,0
DA:661,0
DA:662,0
DA:669,0
DA:675,0
DA:676,0
DA:683,0
DA:689,0
DA:691,0
DA:695,0
DA:706,1
DA:707,1
DA:710,1
DA:711,1
DA:718,0
DA:721,0
DA:722,0
DA:729,0
DA:735,0
DA:737,0
DA:740,0
DA:752,2
DA:753,2
DA:755,2
DA:756,0
DA:762,2
DA:763,1
DA:769,1
DA:770,1
DA:771,0
DA:778,1
DA:779,1
DA:780,1
DA:786,0
DA:787,0
DA:790,0
DA:793,0
DA:794,0
DA:795,0
DA:799,0
DA:801,0
DA:805,0
DA:806,0
DA:807,0
DA:810,0
DA:812,0
DA:823,0
DA:824,0
DA:838,4
DA:839,4
DA:841,4
DA:842,2
DA:856,2
DA:858,2
DA:859,1
DA:866,1
DA:868,1
DA:875,0
DA:877,0
DA:878,0
DA:884,0
DA:885,0
DA:891,0
DA:892,0
DA:898,0
DA:910,2
DA:912,2
DA:914,2
DA:915,1
DA:921,1
DA:922,1
DA:923,1
DA:925,1
DA:933,0
DA:934,0
DA:946,1
DA:947,1
DA:949,1
DA:950,0
DA:956,1
DA:957,1
DA:959,1
DA:964,0
DA:965,0
DA:977,1
DA:978,1
DA:979,1
DA:981,1
DA:982,0
DA:988,1
DA:989,1
DA:991,1
DA:997,0
DA:998,0
DA:1010,1
DA:1011,1
DA:1013,1
DA:1014,0
DA:1020,1
DA:1021,1
DA:1023,1
DA:1029,0
DA:1030,0
DA:1042,4
DA:1043,4
DA:1045,4
DA:1046,2
DA:1052,2
DA:1053,2
DA:1055,2
DA:1060,0
DA:1061,0
DA:1073,3
DA:1074,3
DA:1076,3
DA:1077,1
DA:1083,2
DA:1084,2
DA:1086,2
DA:1091,0
DA:1092,0
DA:1104,0
DA:1105,0
DA:1106,0
DA:1108,0
DA:1113,0
DA:1114,0
DA:1126,5
DA:1127,5
DA:1129,5
DA:1130,2
DA:1137,3
DA:1145,3
DA:1146,2
DA:1147,2
DA:1148,1
DA:1149,1
DA:1151,0
DA:1163,3
DA:1164,2
DA:1171,1
DA:1172,0
DA:1181,1
DA:1182,1
DA:1183,0
DA:1189,1
DA:1193,1
DA:1194,1
DA:1196,1
DA:1197,0
DA:1201,1
DA:1202,1
DA:1203,1
DA:1209,1
DA:1210,0
DA:1213,0
DA:1215,0
DA:1222,1
DA:1223,1
DA:1225,1
DA:1226,0
DA:1230,1
DA:1231,0
DA:1232,0
DA:1239,1
DA:1240,1
DA:1243,1
DA:1244,1
DA:1245,2
DA:1246,2
DA:1254,1
DA:1269,0
DA:1270,0
DA:1283,1
DA:1284,1
DA:1286,1
DA:1287,1
DA:1294,0
DA:1301,0
DA:1302,0
DA:1309,0
DA:1310,0
DA:1317,0
DA:1318,0
DA:1319,0
DA:1325,0
DA:1326,0
DA:1327,0
DA:1328,0
DA:1329,0
DA:1332,0
DA:1333,0
DA:1339,0
DA:1340,0
DA:1346,0
DA:1347,0
DA:1354,0
DA:1355,0
DA:1361,0
DA:1364,0
DA:1378,0
DA:1379,0
DA:1386,0
DA:1387,0
DA:1388,0
DA:1389,0
DA:1390,0
DA:1394,0
DA:1396,0
DA:1410,0
DA:1411,0
DA:1424,1
DA:1425,1
DA:1427,1
DA:1428,1
DA:1435,0
DA:1442,0
DA:1443,0
DA:1450,0
DA:1451,0
DA:1458,0
DA:1470,0
DA:1471,0
DA:1478,0
DA:1479,0
DA:1480,0
DA:1481,0
DA:1482,0
DA:1485,0
DA:1486,0
DA:1487,0
DA:1488,0
DA:1493,0
DA:1495,0
DA:1502,0
DA:1503,0
DA:1515,0
DA:1516,0
DA:1518,0
DA:1519,0
DA:1526,0
DA:1527,0
DA:1533,0
DA:1535,0
DA:1539,0
DA:1554,0
DA:1555,0
DA:1568,0
DA:1569,0
DA:1571,0
DA:1572,0
DA:1578,0
DA:1579,0
DA:1580,0
DA:1583,0
DA:1589,0
DA:1590,0
DA:1597,0
DA:1598,0
DA:1605,0
DA:1606,0
DA:1607,0
DA:1615,0
DA:1617,0
DA:1619,0
DA:1625,0
DA:1626,0
DA:1634,0
DA:1636,0
DA:1646,0
DA:1652,0
DA:1653,0
DA:1661,1
LF:476
LH:204
BRDA:16,0,0,1
BRDA:16,0,1,3
BRDA:33,1,0,1
BRDA:33,1,1,1
BRDA:48,2,0,1
BRDA:48,2,1,3
BRDA:60,3,0,1
BRDA:60,3,1,1
BRDA:90,4,0,1
BRDA:90,4,1,6
BRDA:100,5,0,1
BRDA:100,5,1,5
BRDA:113,6,0,1
BRDA:113,6,1,3
BRDA:122,7,0,3
BRDA:122,7,1,0
BRDA:127,8,0,2
BRDA:127,8,1,1
BRDA:137,9,0,3
BRDA:137,9,1,0
BRDA:165,10,0,1
BRDA:165,10,1,1
BRDA:184,11,0,2
BRDA:184,11,1,1
BRDA:185,12,0,1
BRDA:185,12,1,1
BRDA:190,13,0,1
BRDA:190,13,1,1
BRDA:191,14,0,2
BRDA:191,14,1,2
BRDA:208,15,0,1
BRDA:208,15,1,0
BRDA:257,16,0,0
BRDA:257,16,1,0
BRDA:265,17,0,0
BRDA:265,17,1,0
BRDA:280,18,0,0
BRDA:280,18,1,0
BRDA:280,19,0,0
BRDA:280,19,1,0
BRDA:286,20,0,0
BRDA:286,20,1,0
BRDA:296,21,0,0
BRDA:296,21,1,0
BRDA:306,22,0,0
BRDA:306,22,1,0
BRDA:315,23,0,0
BRDA:315,23,1,0
BRDA:327,24,0,0
BRDA:327,24,1,0
BRDA:335,25,0,0
BRDA:335,25,1,0
BRDA:338,26,0,0
BRDA:338,26,1,0
BRDA:338,26,2,0
BRDA:339,27,0,0
BRDA:339,27,1,0
BRDA:343,28,0,0
BRDA:343,28,1,0
BRDA:344,29,0,0
BRDA:344,29,1,0
BRDA:345,30,0,0
BRDA:345,30,1,0
BRDA:347,31,0,0
BRDA:347,31,1,0
BRDA:353,32,0,0
BRDA:353,32,1,0
BRDA:360,33,0,0
BRDA:360,33,1,0
BRDA:370,34,0,0
BRDA:370,34,1,0
BRDA:382,35,0,0
BRDA:382,35,1,0
BRDA:384,36,0,0
BRDA:384,36,1,0
BRDA:400,37,0,0
BRDA:400,37,1,0
BRDA:412,38,0,0
BRDA:412,38,1,0
BRDA:419,39,0,0
BRDA:419,39,1,0
BRDA:442,40,0,0
BRDA:442,40,1,0
BRDA:445,41,0,0
BRDA:445,41,1,0
BRDA:445,42,0,0
BRDA:445,42,1,0
BRDA:447,43,0,0
BRDA:447,43,1,0
BRDA:448,44,0,0
BRDA:448,44,1,0
BRDA:466,45,0,0
BRDA:466,45,1,0
BRDA:467,46,0,0
BRDA:467,46,1,0
BRDA:483,47,0,1
BRDA:483,47,1,1
BRDA:516,48,0,0
BRDA:516,48,1,0
BRDA:526,49,0,0
BRDA:526,49,1,0
BRDA:526,49,2,0
BRDA:526,49,3,0
BRDA:526,49,4,0
BRDA:526,49,5,0
BRDA:526,49,6,0
BRDA:541,50,0,0
BRDA:541,50,1,0
BRDA:547,51,0,0
BRDA:547,51,1,0
BRDA:547,51,2,0
BRDA:583,52,0,0
BRDA:583,52,1,1
BRDA:597,53,0,3
BRDA:597,53,1,1
BRDA:599,54,0,3
BRDA:599,54,1,0
BRDA:600,55,0,3
BRDA:600,55,1,0
BRDA:652,56,0,1
BRDA:652,56,1,0
BRDA:652,57,0,1
BRDA:652,57,1,1
BRDA:661,58,0,0
BRDA:661,58,1,0
BRDA:675,59,0,0
BRDA:675,59,1,0
BRDA:691,60,0,0
BRDA:691,60,1,0
BRDA:692,61,0,0
BRDA:692,61,1,0
BRDA:693,62,0,0
BRDA:693,62,1,0
BRDA:710,63,0,1
BRDA:710,63,1,0
BRDA:710,64,0,1
BRDA:710,64,1,1
BRDA:721,65,0,0
BRDA:721,65,1,0
BRDA:725,66,0,0
BRDA:725,66,1,0
BRDA:737,67,0,0
BRDA:737,67,1,0
BRDA:738,68,0,0
BRDA:738,68,1,0
BRDA:755,69,0,0
BRDA:755,69,1,2
BRDA:755,70,0,2
BRDA:755,70,1,2
BRDA:762,71,0,1
BRDA:762,71,1,1
BRDA:762,72,0,2
BRDA:762,72,1,1
BRDA:770,73,0,0
BRDA:770,73,1,1
BRDA:779,74,0,1
BRDA:779,74,1,0
BRDA:806,75,0,0
BRDA:806,75,1,0
BRDA:841,76,0,2
BRDA:841,76,1,2
BRDA:858,77,0,1
BRDA:858,77,1,1
BRDA:877,78,0,0
BRDA:877,78,1,0
BRDA:884,79,0,0
BRDA:884,79,1,0
BRDA:891,80,0,0
BRDA:891,80,1,0
BRDA:900,81,0,0
BRDA:900,81,1,0
BRDA:912,82,0,2
BRDA:912,82,1,2
BRDA:914,83,0,1
BRDA:914,83,1,1
BRDA:947,84,0,1
BRDA:947,84,1,1
BRDA:949,85,0,0
BRDA:949,85,1,1
BRDA:979,86,0,1
BRDA:979,86,1,1
BRDA:981,87,0,0
BRDA:981,87,1,1
BRDA:1011,88,0,1
BRDA:1011,88,1,1
BRDA:1013,89,0,0
BRDA:1013,89,1,1
BRDA:1045,90,0,2
BRDA:1045,90,1,2
BRDA:1045,91,0,4
BRDA:1045,91,1,4
BRDA:1076,92,0,1
BRDA:1076,92,1,2
BRDA:1076,93,0,3
BRDA:1076,93,1,3
BRDA:1088,94,0,2
BRDA:1088,94,1,0
BRDA:1129,95,0,2
BRDA:1129,95,1,3
BRDA:1145,96,0,2
BRDA:1145,96,1,1
BRDA:1147,97,0,1
BRDA:1147,97,1,1
BRDA:1149,98,0,0
BRDA:1149,98,1,1
BRDA:1152,99,0,0
BRDA:1152,99,1,0
BRDA:1157,100,0,0
BRDA:1157,100,1,0
BRDA:1163,101,0,2
BRDA:1163,101,1,1
BRDA:1171,102,0,0
BRDA:1171,102,1,1
BRDA:1182,103,0,0
BRDA:1182,103,1,1
BRDA:1182,104,0,1
BRDA:1182,104,1,1
BRDA:1182,104,2,1
BRDA:1196,105,0,0
BRDA:1196,105,1,1
BRDA:1201,106,0,1
BRDA:1201,106,1,0
BRDA:1201,107,0,1
BRDA:1201,107,1,1
BRDA:1203,108,0,1
BRDA:1203,108,1,1
BRDA:1203,108,2,0
BRDA:1209,109,0,0
BRDA:1209,109,1,1
BRDA:1225,110,0,0
BRDA:1225,110,1,1
BRDA:1230,111,0,0
BRDA:1230,111,1,1
BRDA:1230,112,0,1
BRDA:1230,112,1,1
BRDA:1232,113,0,0
BRDA:1232,113,1,0
BRDA:1232,113,2,0
BRDA:1239,114,0,1
BRDA:1239,114,1,0
BRDA:1245,115,0,2
BRDA:1245,115,1,0
BRDA:1286,116,0,1
BRDA:1286,116,1,0
BRDA:1286,117,0,1
BRDA:1286,117,1,1
BRDA:1286,117,2,0
BRDA:1301,118,0,0
BRDA:1301,118,1,0
BRDA:1309,119,0,0
BRDA:1309,119,1,0
BRDA:1318,120,0,0
BRDA:1318,120,1,0
BRDA:1318,121,0,0
BRDA:1318,121,1,0
BRDA:1318,121,2,0
BRDA:1332,122,0,0
BRDA:1332,122,1,0
BRDA:1339,123,0,0
BRDA:1339,123,1,0
BRDA:1346,124,0,0
BRDA:1346,124,1,0
BRDA:1354,125,0,0
BRDA:1354,125,1,0
BRDA:1378,126,0,0
BRDA:1378,126,1,0
BRDA:1386,127,0,0
BRDA:1386,127,1,0
BRDA:1388,128,0,0
BRDA:1388,128,1,0
BRDA:1427,129,0,1
BRDA:1427,129,1,0
BRDA:1427,130,0,1
BRDA:1427,130,1,1
BRDA:1442,131,0,0
BRDA:1442,131,1,0
BRDA:1450,132,0,0
BRDA:1450,132,1,0
BRDA:1470,133,0,0
BRDA:1470,133,1,0
BRDA:1479,134,0,0
BRDA:1479,134,1,0
BRDA:1481,135,0,0
BRDA:1481,135,1,0
BRDA:1486,136,0,0
BRDA:1486,136,1,0
BRDA:1518,137,0,0
BRDA:1518,137,1,0
BRDA:1571,138,0,0
BRDA:1571,138,1,0
BRDA:1571,139,0,0
BRDA:1571,139,1,0
BRDA:1589,140,0,0
BRDA:1589,140,1,0
BRDA:1597,141,0,0
BRDA:1597,141,1,0
BRDA:1606,142,0,0
BRDA:1606,142,1,0
BRDA:1617,143,0,0
BRDA:1617,143,1,0
BRDA:1625,144,0,0
BRDA:1625,144,1,0
BRDA:1648,145,0,0
BRDA:1648,145,1,0
BRF:304
BRH:110
end_of_record
TN:
SF:controllers\reallocationController.js
FN:10,(anonymous_0)
FN:18,(anonymous_1)
FN:182,(anonymous_2)
FN:215,(anonymous_3)
FN:231,(anonymous_4)
FN:291,(anonymous_5)
FN:323,(anonymous_6)
FN:356,(anonymous_7)
FN:397,(anonymous_8)
FN:411,(anonymous_9)
FN:415,(anonymous_10)
FN:431,(anonymous_11)
FN:459,(anonymous_12)
FN:515,(anonymous_13)
FN:536,(anonymous_14)
FNF:15
FNH:14
FNDA:0,(anonymous_0)
FNDA:6,(anonymous_1)
FNDA:3,(anonymous_2)
FNDA:4,(anonymous_3)
FNDA:2,(anonymous_4)
FNDA:3,(anonymous_5)
FNDA:2,(anonymous_6)
FNDA:3,(anonymous_7)
FNDA:3,(anonymous_8)
FNDA:4,(anonymous_9)
FNDA:4,(anonymous_10)
FNDA:5,(anonymous_11)
FNDA:4,(anonymous_12)
FNDA:5,(anonymous_13)
FNDA:3,(anonymous_14)
DA:3,1
DA:4,1
DA:5,1
DA:7,1
DA:10,1
DA:11,0
DA:19,6
DA:20,6
DA:23,6
DA:24,1
DA:31,5
DA:32,1
DA:38,4
DA:39,4
DA:40,1
DA:46,3
DA:48,3
DA:49,1
DA:57,2
DA:58,2
DA:60,2
DA:61,1
DA:72,2
DA:75,1
DA:76,1
DA:77,1
DA:78,1
DA:79,1
DA:80,0
DA:83,0
DA:84,0
DA:85,0
DA:88,0
DA:96,0
DA:97,0
DA:100,0
DA:101,0
DA:102,0
DA:106,0
DA:110,0
DA:111,0
DA:124,0
DA:128,1
DA:129,1
DA:132,1
DA:133,1
DA:139,1
DA:140,0
DA:141,1
DA:142,1
DA:146,0
DA:149,0
DA:153,1
DA:154,0
DA:161,0
DA:164,1
DA:171,1
DA:172,1
DA:183,3
DA:184,3
DA:186,3
DA:187,1
DA:193,2
DA:195,2
DA:204,0
DA:205,0
DA:216,4
DA:217,4
DA:219,4
DA:220,1
DA:226,3
DA:227,2
DA:228,2
DA:231,2
DA:232,2
DA:233,2
DA:237,2
DA:240,2
DA:242,2
DA:269,2
DA:280,1
DA:281,1
DA:292,3
DA:293,3
DA:295,3
DA:297,3
DA:298,1
DA:304,2
DA:306,1
DA:312,1
DA:313,1
DA:324,2
DA:325,2
DA:327,2
DA:328,1
DA:334,1
DA:336,1
DA:345,0
DA:346,0
DA:357,3
DA:358,3
DA:360,3
DA:361,2
DA:367,1
DA:369,1
DA:370,0
DA:376,1
DA:381,1
DA:386,0
DA:387,0
DA:398,3
DA:399,3
DA:401,3
DA:402,1
DA:408,2
DA:411,2
DA:412,4
DA:415,4
DA:430,2
DA:431,5
DA:433,2
DA:448,0
DA:449,0
DA:460,4
DA:461,4
DA:463,4
DA:464,2
DA:470,2
DA:472,2
DA:473,0
DA:479,2
DA:482,2
DA:483,0
DA:492,0
DA:495,2
DA:502,0
DA:503,0
DA:516,5
DA:517,5
DA:519,5
DA:520,2
DA:526,3
DA:528,3
DA:529,0
DA:536,3
DA:538,3
DA:539,1
DA:546,2
DA:548,2
DA:549,1
DA:556,1
DA:557,1
DA:570,1
DA:572,1
DA:585,0
DA:586,0
DA:595,1
LF:157
LH:120
BRDA:23,0,0,1
BRDA:23,0,1,5
BRDA:31,1,0,1
BRDA:31,1,1,4
BRDA:31,2,0,5
BRDA:31,2,1,5
BRDA:39,3,0,1
BRDA:39,3,1,3
BRDA:48,4,0,1
BRDA:48,4,1,2
BRDA:60,5,0,1
BRDA:60,5,1,1
BRDA:67,6,0,1
BRDA:67,6,1,0
BRDA:68,7,0,1
BRDA:68,7,1,0
BRDA:79,8,0,0
BRDA:79,8,1,1
BRDA:79,9,0,1
BRDA:79,9,1,1
BRDA:101,10,0,0
BRDA:101,10,1,0
BRDA:110,11,0,0
BRDA:110,11,1,0
BRDA:128,12,0,1
BRDA:128,12,1,0
BRDA:139,13,0,0
BRDA:139,13,1,1
BRDA:141,14,0,1
BRDA:141,14,1,0
BRDA:153,15,0,0
BRDA:153,15,1,1
BRDA:186,16,0,1
BRDA:186,16,1,2
BRDA:219,17,0,1
BRDA:219,17,1,3
BRDA:227,18,0,2
BRDA:227,18,1,0
BRDA:228,19,0,2
BRDA:228,19,1,0
BRDA:240,20,0,2
BRDA:240,20,1,2
BRDA:250,21,0,2
BRDA:250,21,1,0
BRDA:251,22,0,2
BRDA:251,22,1,0
BRDA:252,23,0,2
BRDA:252,23,1,0
BRDA:252,23,2,0
BRDA:255,24,0,2
BRDA:255,24,1,0
BRDA:256,25,0,2
BRDA:256,25,1,0
BRDA:257,26,0,2
BRDA:257,26,1,0
BRDA:257,26,2,0
BRDA:274,27,0,2
BRDA:274,27,1,0
BRDA:297,28,0,1
BRDA:297,28,1,2
BRDA:327,29,0,1
BRDA:327,29,1,1
BRDA:341,30,0,1
BRDA:341,30,1,0
BRDA:360,31,0,2
BRDA:360,31,1,1
BRDA:360,32,0,3
BRDA:360,32,1,2
BRDA:369,33,0,0
BRDA:369,33,1,1
BRDA:401,34,0,1
BRDA:401,34,1,2
BRDA:412,35,0,4
BRDA:412,35,1,4
BRDA:412,35,2,4
BRDA:463,36,0,2
BRDA:463,36,1,2
BRDA:463,37,0,4
BRDA:463,37,1,3
BRDA:472,38,0,0
BRDA:472,38,1,2
BRDA:482,39,0,0
BRDA:482,39,1,2
BRDA:519,40,0,2
BRDA:519,40,1,3
BRDA:519,41,0,5
BRDA:519,41,1,4
BRDA:528,42,0,0
BRDA:528,42,1,3
BRDA:538,43,0,1
BRDA:538,43,1,2
BRDA:546,44,0,2
BRDA:546,44,1,1
BRDA:548,45,0,1
BRDA:548,45,1,1
BRDA:558,46,0,1
BRDA:558,46,1,0
BRDA:565,47,0,1
BRDA:565,47,1,0
BRF:99
BRH:70
end_of_record
TN:
SF:controllers\trainController.js
FN:11,(anonymous_0)
FN:19,(anonymous_1)
FN:29,(anonymous_2)
FN:115,(anonymous_3)
FN:162,(anonymous_4)
FN:180,(anonymous_5)
FN:184,(anonymous_6)
FN:210,(anonymous_7)
FN:293,(anonymous_8)
FN:339,(anonymous_9)
FN:379,(anonymous_10)
FN:385,(anonymous_11)
FN:387,(anonymous_12)
FN:407,(anonymous_13)
FN:436,(anonymous_14)
FNF:15
FNH:12
FNDA:0,(anonymous_0)
FNDA:0,(anonymous_1)
FNDA:20,(anonymous_2)
FNDA:6,(anonymous_3)
FNDA:2,(anonymous_4)
FNDA:2,(anonymous_5)
FNDA:2,(anonymous_6)
FNDA:3,(anonymous_7)
FNDA:2,(anonymous_8)
FNDA:2,(anonymous_9)
FNDA:2,(anonymous_10)
FNDA:1,(anonymous_11)
FNDA:5,(anonymous_12)
FNDA:2,(anonymous_13)
FNDA:0,(anonymous_14)
DA:3,6
DA:4,6
DA:5,6
DA:7,6
DA:8,6
DA:11,6
DA:12,0
DA:20,0
DA:21,0
DA:22,0
DA:23,0
DA:24,0
DA:25,0
DA:30,20
DA:31,20
DA:34,20
DA:36,20
DA:37,20
DA:38,20
DA:40,20
DA:41,2
DA:47,18
DA:53,18
DA:55,18
DA:58,18
DA:59,18
DA:60,18
DA:61,1
DA:65,18
DA:66,18
DA:67,18
DA:68,1
DA:71,18
DA:73,0
DA:77,18
DA:79,17
DA:93,17
DA:94,0
DA:97,17
DA:104,1
DA:105,1
DA:116,6
DA:117,6
DA:118,0
DA:124,6
DA:125,1
DA:131,5
DA:133,4
DA:140,4
DA:141,0
DA:144,4
DA:151,1
DA:152,1
DA:163,2
DA:164,2
DA:165,0
DA:171,2
DA:180,2
DA:184,2
DA:199,0
DA:200,0
DA:211,3
DA:212,3
DA:213,0
DA:219,3
DA:220,1
DA:226,2
DA:227,1
DA:237,1
DA:238,0
DA:241,1
DA:248,1
DA:249,1
DA:252,1
DA:253,1
DA:256,1
DA:257,0
DA:272,0
DA:275,1
DA:282,0
DA:283,0
DA:294,2
DA:295,2
DA:296,0
DA:302,2
DA:303,2
DA:305,2
DA:307,2
DA:309,1
DA:317,1
DA:318,0
DA:321,1
DA:328,1
DA:329,1
DA:340,2
DA:341,2
DA:342,0
DA:348,2
DA:350,2
DA:368,0
DA:369,0
DA:380,2
DA:381,2
DA:383,1
DA:385,1
DA:387,5
DA:388,1
DA:390,1
DA:398,1
DA:400,1
DA:408,2
DA:409,2
DA:410,0
DA:416,2
DA:425,0
DA:426,0
DA:437,0
DA:441,6
LF:118
LH:89
BRDA:24,0,0,0
BRDA:24,0,1,0
BRDA:34,1,0,20
BRDA:34,1,1,19
BRDA:36,2,0,20
BRDA:36,2,1,2
BRDA:37,3,0,20
BRDA:37,3,1,2
BRDA:38,4,0,20
BRDA:38,4,1,19
BRDA:38,4,2,18
BRDA:40,5,0,2
BRDA:40,5,1,18
BRDA:40,6,0,20
BRDA:40,6,1,19
BRDA:60,7,0,1
BRDA:60,7,1,17
BRDA:67,8,0,1
BRDA:67,8,1,17
BRDA:93,9,0,0
BRDA:93,9,1,17
BRDA:117,10,0,0
BRDA:117,10,1,6
BRDA:124,11,0,1
BRDA:124,11,1,5
BRDA:140,12,0,0
BRDA:140,12,1,4
BRDA:164,13,0,0
BRDA:164,13,1,2
BRDA:212,14,0,0
BRDA:212,14,1,3
BRDA:219,15,0,1
BRDA:219,15,1,2
BRDA:226,16,0,1
BRDA:226,16,1,1
BRDA:237,17,0,0
BRDA:237,17,1,1
BRDA:256,18,0,0
BRDA:256,18,1,1
BRDA:268,19,0,0
BRDA:268,19,1,0
BRDA:295,20,0,0
BRDA:295,20,1,2
BRDA:317,21,0,0
BRDA:317,21,1,1
BRDA:341,22,0,0
BRDA:341,22,1,2
BRDA:388,23,0,1
BRDA:388,23,1,0
BRDA:409,24,0,0
BRDA:409,24,1,2
BRDA:419,25,0,2
BRDA:419,25,1,1
BRDA:420,26,0,2
BRDA:420,26,1,1
BRF:55
BRH:39
end_of_record
TN:
SF:controllers\tteController.js
FN:11,(anonymous_0)
FN:29,(anonymous_1)
FN:33,(anonymous_2)
FN:36,(anonymous_3)
FN:39,(anonymous_4)
FN:42,(anonymous_5)
FN:45,(anonymous_6)
FN:51,(anonymous_7)
FN:75,(anonymous_8)
FN:91,(anonymous_9)
FN:120,(anonymous_10)
FN:136,(anonymous_11)
FN:144,(anonymous_12)
FN:145,(anonymous_13)
FN:172,(anonymous_14)
FN:238,(anonymous_15)
FN:301,(anonymous_16)
FN:333,(anonymous_17)
FN:420,(anonymous_18)
FN:446,(anonymous_19)
FN:448,(anonymous_20)
FN:454,(anonymous_21)
FN:455,(anonymous_22)
FN:456,(anonymous_23)
FN:461,(anonymous_24)
FN:495,(anonymous_25)
FN:533,(anonymous_26)
FN:565,(anonymous_27)
FN:740,(anonymous_28)
FN:835,(anonymous_29)
FN:864,(anonymous_30)
FN:965,(anonymous_31)
FN:985,(anonymous_32)
FN:1027,(anonymous_33)
FN:1048,(anonymous_34)
FN:1058,(anonymous_35)
FN:1109,(anonymous_36)
FN:1112,(anonymous_37)
FN:1136,(anonymous_38)
FN:1148,(anonymous_39)
FN:1216,(anonymous_40)
FN:1220,(anonymous_41)
FN:1256,(anonymous_42)
FN:1268,(anonymous_43)
FN:1269,(anonymous_44)
FN:1270,(anonymous_45)
FNF:46
FNH:44
FNDA:11,(anonymous_0)
FNDA:3,(anonymous_1)
FNDA:3,(anonymous_2)
FNDA:3,(anonymous_3)
FNDA:3,(anonymous_4)
FNDA:3,(anonymous_5)
FNDA:3,(anonymous_6)
FNDA:6,(anonymous_7)
FNDA:3,(anonymous_8)
FNDA:3,(anonymous_9)
FNDA:3,(anonymous_10)
FNDA:3,(anonymous_11)
FNDA:2,(anonymous_12)
FNDA:2,(anonymous_13)
FNDA:5,(anonymous_14)
FNDA:4,(anonymous_15)
FNDA:3,(anonymous_16)
FNDA:0,(anonymous_17)
FNDA:4,(anonymous_18)
FNDA:4,(anonymous_19)
FNDA:4,(anonymous_20)
FNDA:4,(anonymous_21)
FNDA:4,(anonymous_22)
FNDA:6,(anonymous_23)
FNDA:0,(anonymous_24)
FNDA:3,(anonymous_25)
FNDA:3,(anonymous_26)
FNDA:3,(anonymous_27)
FNDA:7,(anonymous_28)
FNDA:3,(anonymous_29)
FNDA:9,(anonymous_30)
FNDA:2,(anonymous_31)
FNDA:1,(anonymous_32)
FNDA:5,(anonymous_33)
FNDA:4,(anonymous_34)
FNDA:1,(anonymous_35)
FNDA:2,(anonymous_36)
FNDA:3,(anonymous_37)
FNDA:3,(anonymous_38)
FNDA:2,(anonymous_39)
FNDA:2,(anonymous_40)
FNDA:2,(anonymous_41)
FNDA:2,(anonymous_42)
FNDA:3,(anonymous_43)
FNDA:3,(anonymous_44)
FNDA:3,(anonymous_45)
DA:2,2
DA:3,2
DA:4,2
DA:5,2
DA:12,11
DA:13,11
DA:14,11
DA:16,11
DA:17,1
DA:23,10
DA:26,9
DA:27,6
DA:29,3
DA:30,1
DA:33,3
DA:34,1
DA:36,3
DA:37,1
DA:39,3
DA:40,1
DA:42,3
DA:43,1
DA:45,3
DA:46,1
DA:50,9
DA:51,6
DA:54,9
DA:62,1
DA:63,1
DA:76,3
DA:77,3
DA:79,3
DA:80,1
DA:86,2
DA:87,2
DA:91,1
DA:92,3
DA:97,1
DA:107,1
DA:108,1
DA:121,3
DA:122,3
DA:124,3
DA:125,1
DA:131,2
DA:132,2
DA:136,1
DA:137,3
DA:144,2
DA:145,2
DA:147,1
DA:161,1
DA:162,1
DA:173,5
DA:174,5
DA:176,5
DA:177,1
DA:183,4
DA:184,4
DA:186,4
DA:187,1
DA:194,3
DA:195,3
DA:196,1
DA:203,2
DA:204,2
DA:207,2
DA:213,1
DA:214,1
DA:221,1
DA:227,1
DA:228,1
DA:239,4
DA:240,4
DA:242,4
DA:243,1
DA:249,3
DA:251,3
DA:252,0
DA:259,3
DA:260,2
DA:261,1
DA:267,1
DA:268,1
DA:269,1
DA:270,1
DA:271,1
DA:272,1
DA:276,1
DA:277,1
DA:284,1
DA:290,1
DA:291,1
DA:302,3
DA:303,3
DA:306,3
DA:307,1
DA:314,2
DA:315,1
DA:321,1
DA:322,1
DA:324,1
DA:325,1
DA:332,0
DA:333,0
DA:335,0
DA:336,0
DA:343,0
DA:344,0
DA:351,0
DA:354,0
DA:364,0
DA:365,0
DA:367,0
DA:368,0
DA:377,0
DA:378,0
DA:379,0
DA:380,0
DA:382,0
DA:387,0
DA:388,0
DA:394,0
DA:402,0
DA:409,0
DA:410,0
DA:421,4
DA:422,4
DA:424,4
DA:425,1
DA:431,3
DA:433,2
DA:446,4
DA:448,4
DA:454,4
DA:456,6
DA:461,0
DA:472,2
DA:477,1
DA:478,1
DA:496,3
DA:497,3
DA:499,3
DA:500,1
DA:506,2
DA:510,1
DA:512,1
DA:521,1
DA:522,1
DA:534,3
DA:535,3
DA:537,3
DA:538,1
DA:544,2
DA:546,1
DA:552,1
DA:553,1
DA:566,3
DA:567,3
DA:569,3
DA:570,1
DA:576,2
DA:578,2
DA:579,1
DA:586,1
DA:587,1
DA:589,1
DA:590,1
DA:602,1
DA:605,1
DA:606,1
DA:607,1
DA:608,1
DA:612,1
DA:614,0
DA:618,1
DA:619,1
DA:620,1
DA:621,1
DA:622,1
DA:623,0
DA:626,0
DA:627,0
DA:628,0
DA:630,0
DA:637,0
DA:645,0
DA:646,0
DA:649,0
DA:650,0
DA:652,0
DA:653,0
DA:654,0
DA:658,0
DA:659,0
DA:661,0
DA:665,0
DA:666,0
DA:679,0
DA:683,1
DA:684,1
DA:685,1
DA:687,1
DA:688,1
DA:694,1
DA:695,0
DA:696,0
DA:697,0
DA:700,1
DA:703,0
DA:706,1
DA:712,0
DA:714,0
DA:715,0
DA:721,0
DA:722,0
DA:728,0
DA:741,7
DA:742,7
DA:744,7
DA:745,1
DA:751,6
DA:753,6
DA:754,1
DA:761,5
DA:762,5
DA:763,5
DA:764,5
DA:766,5
DA:767,1
DA:773,4
DA:774,2
DA:775,2
DA:776,2
DA:778,2
DA:779,1
DA:786,1
DA:789,0
DA:793,3
DA:795,1
DA:802,2
DA:804,2
DA:805,0
DA:811,2
DA:812,1
DA:818,1
DA:819,1
DA:825,0
DA:836,3
DA:837,3
DA:839,3
DA:840,1
DA:846,2
DA:848,1
DA:853,1
DA:854,1
DA:865,9
DA:866,9
DA:867,9
DA:869,9
DA:870,1
DA:876,8
DA:877,1
DA:884,7
DA:887,1
DA:888,1
DA:894,1
DA:900,6
DA:903,6
DA:904,1
DA:911,5
DA:912,1
DA:919,4
DA:920,1
DA:927,3
DA:928,1
DA:935,2
DA:936,1
DA:943,1
DA:944,1
DA:952,0
DA:966,2
DA:968,2
DA:969,2
DA:971,2
DA:974,2
DA:978,1
DA:980,1
DA:985,1
DA:1006,1
DA:1007,1
DA:1021,2
DA:1028,5
DA:1029,5
DA:1031,5
DA:1032,1
DA:1038,4
DA:1040,4
DA:1041,0
DA:1048,4
DA:1050,4
DA:1051,1
DA:1058,3
DA:1060,3
DA:1079,3
DA:1081,1
DA:1082,1
DA:1085,2
DA:1086,2
DA:1089,3
DA:1096,0
DA:1097,0
DA:1110,2
DA:1112,3
DA:1114,1
DA:1123,1
DA:1124,1
DA:1137,3
DA:1138,3
DA:1140,3
DA:1141,1
DA:1148,2
DA:1150,2
DA:1151,1
DA:1157,1
DA:1159,1
DA:1161,1
DA:1162,0
DA:1169,1
DA:1178,1
DA:1180,1
DA:1181,1
DA:1184,1
DA:1185,1
DA:1188,1
DA:1190,1
DA:1196,0
DA:1204,0
DA:1205,0
DA:1217,2
DA:1218,2
DA:1220,2
DA:1222,2
DA:1223,1
DA:1229,1
DA:1232,1
DA:1233,1
DA:1235,1
DA:1237,1
DA:1243,0
DA:1244,0
DA:1257,2
DA:1258,2
DA:1260,2
DA:1262,1
DA:1268,3
DA:1269,3
DA:1270,3
DA:1274,1
DA:1275,1
DA:1284,2
LF:361
LH:293
BRDA:16,0,0,1
BRDA:16,0,1,10
BRDA:26,1,0,6
BRDA:26,1,1,3
BRDA:27,2,0,1
BRDA:27,2,1,1
BRDA:27,2,2,1
BRDA:27,2,3,1
BRDA:27,2,4,1
BRDA:27,2,5,1
BRDA:33,3,0,3
BRDA:33,3,1,2
BRDA:50,4,0,2
BRDA:50,4,1,7
BRDA:79,5,0,1
BRDA:79,5,1,2
BRDA:92,6,0,3
BRDA:92,6,1,2
BRDA:92,6,2,2
BRDA:124,7,0,1
BRDA:124,7,1,2
BRDA:137,8,0,3
BRDA:137,8,1,2
BRDA:137,8,2,2
BRDA:137,8,3,2
BRDA:176,9,0,1
BRDA:176,9,1,4
BRDA:186,10,0,1
BRDA:186,10,1,3
BRDA:195,11,0,1
BRDA:195,11,1,2
BRDA:213,12,0,1
BRDA:213,12,1,0
BRDA:242,13,0,1
BRDA:242,13,1,3
BRDA:251,14,0,0
BRDA:251,14,1,3
BRDA:260,15,0,1
BRDA:260,15,1,1
BRDA:268,16,0,1
BRDA:268,16,1,0
BRDA:276,17,0,1
BRDA:276,17,1,0
BRDA:306,18,0,1
BRDA:306,18,1,2
BRDA:306,19,0,3
BRDA:306,19,1,3
BRDA:314,20,0,1
BRDA:314,20,1,1
BRDA:314,21,0,2
BRDA:314,21,1,2
BRDA:324,22,0,1
BRDA:324,22,1,0
BRDA:335,23,0,0
BRDA:335,23,1,0
BRDA:343,24,0,0
BRDA:343,24,1,0
BRDA:343,25,0,0
BRDA:343,25,1,0
BRDA:364,26,0,0
BRDA:364,26,1,0
BRDA:367,27,0,0
BRDA:367,27,1,0
BRDA:387,28,0,0
BRDA:387,28,1,0
BRDA:424,29,0,1
BRDA:424,29,1,3
BRDA:437,30,0,2
BRDA:437,30,1,0
BRDA:445,31,0,2
BRDA:445,31,1,2
BRDA:448,32,0,4
BRDA:448,32,1,2
BRDA:467,33,0,0
BRDA:467,33,1,0
BRDA:499,34,0,1
BRDA:499,34,1,2
BRDA:537,35,0,1
BRDA:537,35,1,2
BRDA:569,36,0,1
BRDA:569,36,1,2
BRDA:578,37,0,1
BRDA:578,37,1,1
BRDA:589,38,0,1
BRDA:589,38,1,0
BRDA:596,39,0,1
BRDA:596,39,1,0
BRDA:597,40,0,1
BRDA:597,40,1,0
BRDA:622,41,0,0
BRDA:622,41,1,1
BRDA:622,42,0,1
BRDA:622,42,1,1
BRDA:652,43,0,0
BRDA:652,43,1,0
BRDA:665,44,0,0
BRDA:665,44,1,0
BRDA:683,45,0,1
BRDA:683,45,1,0
BRDA:694,46,0,0
BRDA:694,46,1,0
BRDA:696,47,0,0
BRDA:696,47,1,0
BRDA:714,48,0,0
BRDA:714,48,1,0
BRDA:721,49,0,0
BRDA:721,49,1,0
BRDA:730,50,0,0
BRDA:730,50,1,0
BRDA:744,51,0,1
BRDA:744,51,1,6
BRDA:753,52,0,1
BRDA:753,52,1,5
BRDA:766,53,0,1
BRDA:766,53,1,4
BRDA:773,54,0,2
BRDA:773,54,1,2
BRDA:778,55,0,1
BRDA:778,55,1,1
BRDA:804,56,0,0
BRDA:804,56,1,2
BRDA:811,57,0,1
BRDA:811,57,1,1
BRDA:818,58,0,1
BRDA:818,58,1,0
BRDA:827,59,0,0
BRDA:827,59,1,0
BRDA:839,60,0,1
BRDA:839,60,1,2
BRDA:869,61,0,1
BRDA:869,61,1,8
BRDA:876,62,0,1
BRDA:876,62,1,7
BRDA:887,63,0,1
BRDA:887,63,1,0
BRDA:903,64,0,1
BRDA:903,64,1,5
BRDA:911,65,0,1
BRDA:911,65,1,4
BRDA:919,66,0,1
BRDA:919,66,1,3
BRDA:927,67,0,1
BRDA:927,67,1,2
BRDA:935,68,0,1
BRDA:935,68,1,1
BRDA:935,69,0,2
BRDA:935,69,1,1
BRDA:943,70,0,1
BRDA:943,70,1,0
BRDA:1031,71,0,1
BRDA:1031,71,1,4
BRDA:1031,72,0,5
BRDA:1031,72,1,5
BRDA:1040,73,0,0
BRDA:1040,73,1,4
BRDA:1050,74,0,1
BRDA:1050,74,1,3
BRDA:1074,75,0,3
BRDA:1074,75,1,2
BRDA:1079,76,0,1
BRDA:1079,76,1,2
BRDA:1140,77,0,1
BRDA:1140,77,1,2
BRDA:1150,78,0,1
BRDA:1150,78,1,1
BRDA:1161,79,0,0
BRDA:1161,79,1,1
BRDA:1178,80,0,1
BRDA:1178,80,1,0
BRDA:1184,81,0,1
BRDA:1184,81,1,0
BRDA:1222,82,0,1
BRDA:1222,82,1,1
BRF:173
BRH:124
end_of_record
TN:
SF:controllers\visualizationController.js
FN:11,(anonymous_0)
FN:41,(anonymous_1)
FN:71,(anonymous_2)
FN:101,(anonymous_3)
FN:142,(anonymous_4)
FN:173,(anonymous_5)
FN:187,(anonymous_6)
FN:230,(anonymous_7)
FNF:8
FNH:8
FNDA:3,(anonymous_0)
FNDA:2,(anonymous_1)
FNDA:2,(anonymous_2)
FNDA:3,(anonymous_3)
FNDA:2,(anonymous_4)
FNDA:5,(anonymous_5)
FNDA:1,(anonymous_6)
FNDA:1,(anonymous_7)
DA:3,1
DA:4,1
DA:5,1
DA:12,3
DA:13,3
DA:15,3
DA:16,1
DA:22,2
DA:24,1
DA:30,1
DA:31,1
DA:42,2
DA:43,2
DA:45,2
DA:46,1
DA:52,1
DA:54,1
DA:60,0
DA:61,0
DA:72,2
DA:73,2
DA:75,2
DA:76,1
DA:82,1
DA:84,1
DA:90,0
DA:91,0
DA:102,3
DA:103,3
DA:104,3
DA:106,3
DA:107,1
DA:113,2
DA:115,2
DA:116,1
DA:122,1
DA:131,0
DA:132,0
DA:143,2
DA:144,2
DA:146,2
DA:147,1
DA:153,1
DA:155,1
DA:161,0
DA:162,0
DA:174,5
DA:176,5
DA:178,5
DA:179,1
DA:186,4
DA:187,1
DA:202,1
DA:214,3
DA:215,3
DA:216,3
DA:218,2
DA:223,2
DA:224,1
DA:230,1
DA:245,1
DA:256,1
DA:257,1
DA:264,0
DA:265,0
DA:273,1
LF:66
LH:56
BRDA:15,0,0,1
BRDA:15,0,1,2
BRDA:45,1,0,1
BRDA:45,1,1,1
BRDA:75,2,0,1
BRDA:75,2,1,1
BRDA:106,3,0,1
BRDA:106,3,1,2
BRDA:115,4,0,1
BRDA:115,4,1,1
BRDA:146,5,0,1
BRDA:146,5,1,1
BRDA:178,6,0,1
BRDA:178,6,1,4
BRDA:186,7,0,1
BRDA:186,7,1,3
BRDA:186,8,0,4
BRDA:186,8,1,4
BRDA:196,9,0,1
BRDA:196,9,1,1
BRDA:197,10,0,1
BRDA:197,10,1,1
BRDA:198,11,0,1
BRDA:198,11,1,1
BRDA:199,12,0,1
BRDA:199,12,1,1
BRDA:223,13,0,1
BRDA:223,13,1,1
BRDA:223,14,0,2
BRDA:223,14,1,2
BRDA:239,15,0,1
BRDA:239,15,1,1
BRDA:240,16,0,1
BRDA:240,16,1,1
BRDA:241,17,0,1
BRDA:241,17,1,1
BRDA:242,18,0,1
BRDA:242,18,1,1
BRF:38
BRH:38
end_of_record
TN:
SF:services\CacheService.js
FN:16,(anonymous_0)
FN:38,(anonymous_1)
FN:44,(anonymous_2)
FN:55,(anonymous_3)
FN:61,(anonymous_4)
FN:69,(anonymous_5)
FN:80,(anonymous_6)
FN:86,(anonymous_7)
FN:88,(anonymous_8)
FN:89,(anonymous_9)
FN:95,(anonymous_10)
FN:106,(anonymous_11)
FN:112,(anonymous_12)
FN:120,(anonymous_13)
FN:131,(anonymous_14)
FN:137,(anonymous_15)
FN:139,(anonymous_16)
FN:140,(anonymous_17)
FN:146,(anonymous_18)
FN:157,(anonymous_19)
FN:163,(anonymous_20)
FN:164,(anonymous_21)
FN:165,(anonymous_22)
FN:174,(anonymous_23)
FN:186,(anonymous_24)
FN:197,(anonymous_25)
FN:215,(anonymous_26)
FN:225,(anonymous_27)
FNF:28
FNH:28
FNDA:10,(anonymous_0)
FNDA:95,(anonymous_1)
FNDA:20,(anonymous_2)
FNDA:17,(anonymous_3)
FNDA:5,(anonymous_4)
FNDA:8,(anonymous_5)
FNDA:8,(anonymous_6)
FNDA:2,(anonymous_7)
FNDA:3,(anonymous_8)
FNDA:3,(anonymous_9)
FNDA:5,(anonymous_10)
FNDA:5,(anonymous_11)
FNDA:2,(anonymous_12)
FNDA:7,(anonymous_13)
FNDA:6,(anonymous_14)
FNDA:2,(anonymous_15)
FNDA:3,(anonymous_16)
FNDA:3,(anonymous_17)
FNDA:5,(anonymous_18)
FNDA:4,(anonymous_19)
FNDA:2,(anonymous_20)
FNDA:3,(anonymous_21)
FNDA:3,(anonymous_22)
FNDA:1,(anonymous_23)
FNDA:39,(anonymous_24)
FNDA:9,(anonymous_25)
FNDA:39,(anonymous_26)
FNDA:3,(anonymous_27)
DA:4,10
DA:7,10
DA:18,10
DA:19,10
DA:20,10
DA:21,10
DA:22,10
DA:25,10
DA:32,10
DA:39,95
DA:45,20
DA:46,20
DA:47,20
DA:48,10
DA:49,10
DA:51,10
DA:52,10
DA:56,17
DA:57,17
DA:58,17
DA:62,5
DA:63,5
DA:64,5
DA:70,8
DA:71,8
DA:72,8
DA:73,3
DA:74,3
DA:76,5
DA:77,5
DA:81,8
DA:82,8
DA:83,8
DA:88,3
DA:89,3
DA:90,2
DA:96,5
DA:97,5
DA:98,5
DA:99,1
DA:100,1
DA:102,4
DA:103,4
DA:107,5
DA:108,5
DA:109,5
DA:113,2
DA:114,2
DA:115,2
DA:121,7
DA:122,7
DA:123,7
DA:124,3
DA:125,3
DA:127,4
DA:128,4
DA:132,6
DA:133,6
DA:134,6
DA:139,3
DA:140,3
DA:141,2
DA:147,5
DA:148,5
DA:149,5
DA:150,1
DA:151,1
DA:153,4
DA:154,4
DA:158,4
DA:159,4
DA:160,4
DA:164,3
DA:165,3
DA:166,2
DA:175,1
DA:176,1
DA:177,1
DA:178,1
DA:179,1
DA:180,1
DA:187,39
DA:188,39
DA:189,39
DA:190,39
DA:191,39
DA:192,39
DA:198,9
DA:202,9
DA:216,39
DA:226,3
DA:227,3
DA:229,3
DA:231,3
DA:232,2
DA:235,2
DA:236,1
DA:237,1
DA:241,1
DA:245,1
DA:249,1
DA:250,1
DA:261,1
DA:262,1
DA:266,2
DA:267,2
DA:268,2
DA:270,1
DA:271,1
DA:277,10
LF:110
LH:110
BRDA:47,0,0,10
BRDA:47,0,1,10
BRDA:69,1,0,0
BRDA:72,2,0,3
BRDA:72,2,1,5
BRDA:98,3,0,1
BRDA:98,3,1,4
BRDA:123,4,0,3
BRDA:123,4,1,4
BRDA:149,5,0,1
BRDA:149,5,1,4
BRDA:198,6,0,4
BRDA:198,6,1,5
BRDA:231,7,0,2
BRDA:231,7,1,1
BRDA:231,8,0,3
BRDA:231,8,1,2
BRDA:236,9,0,1
BRDA:236,9,1,0
BRDA:249,10,0,1
BRDA:249,10,1,0
BRF:21
BRH:18
end_of_record
TN:
SF:services\CurrentStationReallocationService.js
FN:17,(anonymous_0)
FN:84,(anonymous_1)
FN:86,(anonymous_2)
FN:98,(anonymous_3)
FN:104,(anonymous_4)
FN:106,(anonymous_5)
FN:118,(anonymous_6)
FN:125,(anonymous_7)
FN:131,(anonymous_8)
FN:162,(anonymous_9)
FN:169,(anonymous_10)
FN:170,(anonymous_11)
FN:204,(anonymous_12)
FN:206,(anonymous_13)
FN:254,(anonymous_14)
FN:295,(anonymous_15)
FN:304,(anonymous_16)
FN:355,(anonymous_17)
FN:361,(anonymous_18)
FN:400,(anonymous_19)
FN:495,(anonymous_20)
FNF:21
FNH:21
FNDA:13,(anonymous_0)
FNDA:16,(anonymous_1)
FNDA:14,(anonymous_2)
FNDA:3,(anonymous_3)
FNDA:15,(anonymous_4)
FNDA:31,(anonymous_5)
FNDA:2,(anonymous_6)
FNDA:16,(anonymous_7)
FNDA:12,(anonymous_8)
FNDA:16,(anonymous_9)
FNDA:16,(anonymous_10)
FNDA:32,(anonymous_11)
FNDA:36,(anonymous_12)
FNDA:3,(anonymous_13)
FNDA:3,(anonymous_14)
FNDA:19,(anonymous_15)
FNDA:14,(anonymous_16)
FNDA:2,(anonymous_17)
FNDA:2,(anonymous_18)
FNDA:7,(anonymous_19)
FNDA:6,(anonymous_20)
DA:9,1
DA:18,13
DA:19,13
DA:28,13
DA:31,13
DA:34,13
DA:37,13
DA:40,13
DA:41,13
DA:44,13
DA:47,13
DA:49,13
DA:78,13
DA:85,16
DA:86,16
DA:87,14
DA:88,14
DA:89,13
DA:95,14
DA:98,16
DA:105,15
DA:106,15
DA:107,31
DA:108,31
DA:109,17
DA:115,31
DA:118,15
DA:126,16
DA:127,16
DA:129,16
DA:131,16
DA:134,12
DA:135,11
DA:137,11
DA:149,11
DA:153,16
DA:154,16
DA:163,16
DA:164,16
DA:165,16
DA:167,16
DA:169,16
DA:170,16
DA:171,32
DA:174,32
DA:176,32
DA:177,31
DA:178,31
DA:180,31
DA:195,16
DA:196,16
DA:197,16
DA:206,36
DA:209,36
DA:211,2
DA:212,2
DA:218,34
DA:219,34
DA:222,34
DA:223,100
DA:224,100
DA:225,0
DA:226,0
DA:227,0
DA:230,100
DA:231,0
DA:232,0
DA:237,34
DA:238,70
DA:239,0
DA:241,0
DA:242,0
DA:247,34
DA:255,3
DA:256,3
DA:258,3
DA:260,12
DA:262,12
DA:263,8
DA:264,8
DA:265,6
DA:266,6
DA:270,12
DA:271,6
DA:273,6
DA:274,0
DA:275,0
DA:280,3
DA:281,2
DA:284,3
DA:296,19
DA:297,19
DA:298,19
DA:300,19
DA:301,19
DA:304,19
DA:305,14
DA:308,19
DA:310,32
DA:311,0
DA:312,0
DA:315,32
DA:317,32
DA:319,24
DA:322,15
DA:323,15
DA:324,15
DA:325,1
DA:331,14
DA:336,14
DA:337,14
DA:353,32
DA:355,12
DA:357,2
DA:358,1
DA:361,1
DA:362,2
DA:363,2
DA:365,1
DA:366,1
DA:369,0
DA:372,12
DA:375,12
DA:376,12
DA:378,12
DA:385,12
DA:386,12
DA:390,19
DA:391,19
DA:392,19
DA:401,7
DA:403,7
DA:404,1
DA:405,1
DA:408,6
DA:409,6
DA:410,6
DA:412,6
DA:413,6
DA:416,6
DA:417,6
DA:419,6
DA:420,6
DA:421,5
DA:422,5
DA:423,5
DA:426,1
DA:430,6
DA:431,6
DA:434,6
DA:474,6
DA:476,6
DA:480,6
DA:483,6
DA:484,6
DA:485,6
DA:489,6
DA:491,0
DA:495,6
DA:497,6
DA:498,3
DA:500,3
DA:501,3
DA:502,3
DA:504,3
DA:505,3
DA:507,3
DA:516,2
DA:529,2
DA:530,2
DA:531,2
DA:533,2
DA:534,2
DA:549,0
DA:552,2
DA:554,1
DA:559,6
DA:561,6
DA:570,1
LF:179
LH:164
BRDA:87,0,0,14
BRDA:87,0,1,0
BRDA:88,1,0,13
BRDA:88,1,1,1
BRDA:107,2,0,31
BRDA:107,2,1,0
BRDA:108,3,0,17
BRDA:108,3,1,14
BRDA:134,4,0,11
BRDA:134,4,1,1
BRDA:134,5,0,12
BRDA:134,5,1,11
BRDA:141,6,0,11
BRDA:141,6,1,11
BRDA:141,7,0,11
BRDA:141,7,1,10
BRDA:141,8,0,11
BRDA:141,8,1,10
BRDA:144,9,0,11
BRDA:144,9,1,0
BRDA:176,10,0,31
BRDA:176,10,1,1
BRDA:186,11,0,31
BRDA:186,11,1,0
BRDA:188,12,0,31
BRDA:188,12,1,0
BRDA:211,13,0,2
BRDA:211,13,1,0
BRDA:211,14,0,2
BRDA:211,14,1,2
BRDA:225,15,0,0
BRDA:225,15,1,0
BRDA:225,16,0,0
BRDA:225,16,1,0
BRDA:230,17,0,0
BRDA:230,17,1,100
BRDA:239,18,0,0
BRDA:239,18,1,0
BRDA:263,19,0,0
BRDA:263,19,1,8
BRDA:264,20,0,6
BRDA:264,20,1,2
BRDA:264,21,0,8
BRDA:264,21,1,8
BRDA:270,22,0,6
BRDA:270,22,1,6
BRDA:271,23,0,2
BRDA:271,23,1,4
BRDA:273,24,0,0
BRDA:273,24,1,6
BRDA:280,25,0,2
BRDA:280,25,1,1
BRDA:310,26,0,0
BRDA:310,26,1,32
BRDA:319,27,0,9
BRDA:319,27,1,15
BRDA:322,28,0,15
BRDA:322,28,1,0
BRDA:323,29,0,15
BRDA:323,29,1,10
BRDA:324,30,0,1
BRDA:324,30,1,14
BRDA:336,31,0,14
BRDA:336,31,1,0
BRDA:336,32,0,14
BRDA:336,32,1,14
BRDA:353,33,0,12
BRDA:353,33,1,20
BRDA:357,34,0,1
BRDA:357,34,1,1
BRDA:357,35,0,2
BRDA:357,35,1,2
BRDA:358,36,0,0
BRDA:358,36,1,1
BRDA:358,37,0,1
BRDA:358,37,1,0
BRDA:363,38,0,2
BRDA:363,38,1,0
BRDA:366,39,0,1
BRDA:366,39,1,0
BRDA:385,40,0,11
BRDA:385,40,1,1
BRDA:403,41,0,1
BRDA:403,41,1,6
BRDA:417,42,0,6
BRDA:417,42,1,0
BRDA:421,43,0,5
BRDA:421,43,1,0
BRDA:423,44,0,5
BRDA:423,44,1,1
BRDA:431,45,0,4
BRDA:431,45,1,2
BRDA:462,46,0,6
BRDA:462,46,1,0
BRDA:495,47,0,6
BRDA:495,47,1,4
BRDA:497,48,0,3
BRDA:497,48,1,3
BRDA:533,49,0,2
BRDA:533,49,1,0
BRF:100
BRH:74
end_of_record
TN:
SF:services\DataService.js
FN:10,(anonymous_0)
FN:20,(anonymous_1)
FN:51,(anonymous_2)
FN:90,(anonymous_3)
FN:100,(anonymous_4)
FN:105,(anonymous_5)
FN:110,(anonymous_6)
FN:112,(anonymous_7)
FN:135,(anonymous_8)
FN:156,(anonymous_9)
FN:169,(anonymous_10)
FN:192,(anonymous_11)
FN:231,(anonymous_12)
FN:236,(anonymous_13)
FN:327,(anonymous_14)
FN:329,(anonymous_15)
FN:333,(anonymous_16)
FN:371,(anonymous_17)
FN:379,(anonymous_18)
FN:393,(anonymous_19)
FN:402,(anonymous_20)
FN:410,(anonymous_21)
FN:422,(anonymous_22)
FN:438,(anonymous_23)
FN:474,(anonymous_24)
FNF:25
FNH:18
FNDA:2,(anonymous_0)
FNDA:0,(anonymous_1)
FNDA:0,(anonymous_2)
FNDA:0,(anonymous_3)
FNDA:0,(anonymous_4)
FNDA:0,(anonymous_5)
FNDA:0,(anonymous_6)
FNDA:0,(anonymous_7)
FNDA:1,(anonymous_8)
FNDA:4,(anonymous_9)
FNDA:3,(anonymous_10)
FNDA:5,(anonymous_11)
FNDA:5,(anonymous_12)
FNDA:5,(anonymous_13)
FNDA:4,(anonymous_14)
FNDA:8,(anonymous_15)
FNDA:6,(anonymous_16)
FNDA:5,(anonymous_17)
FNDA:30,(anonymous_18)
FNDA:54,(anonymous_19)
FNDA:12,(anonymous_20)
FNDA:20,(anonymous_21)
FNDA:8,(anonymous_22)
FNDA:4,(anonymous_23)
FNDA:6,(anonymous_24)
DA:3,7
DA:4,7
DA:11,2
DA:12,2
DA:13,2
DA:14,2
DA:17,2
DA:20,2
DA:21,2
DA:25,0
DA:26,0
DA:28,0
DA:30,0
DA:31,0
DA:40,2
DA:41,2
DA:42,2
DA:43,1
DA:47,1
DA:51,1
DA:53,1
DA:58,1
DA:59,1
DA:62,1
DA:63,1
DA:64,1
DA:65,1
DA:68,1
DA:69,1
DA:70,1
DA:71,1
DA:72,1
DA:77,1
DA:78,1
DA:79,1
DA:82,1
DA:83,1
DA:84,1
DA:85,1
DA:86,0
DA:89,0
DA:90,0
DA:91,0
DA:95,0
DA:96,0
DA:99,0
DA:100,0
DA:101,0
DA:102,0
DA:104,0
DA:105,0
DA:106,0
DA:108,0
DA:109,0
DA:110,0
DA:113,0
DA:120,1
DA:121,1
DA:122,1
DA:125,1
DA:126,1
DA:133,1
DA:134,1
DA:135,1
DA:137,1
DA:138,1
DA:140,1
DA:141,1
DA:142,1
DA:143,1
DA:144,1
DA:146,1
DA:148,1
DA:149,1
DA:157,4
DA:158,4
DA:160,4
DA:165,3
DA:166,1
DA:169,3
DA:185,2
DA:193,5
DA:194,5
DA:197,5
DA:198,5
DA:199,5
DA:200,5
DA:203,5
DA:210,4
DA:211,2
DA:212,2
DA:213,2
DA:216,2
DA:219,2
DA:222,2
DA:224,1
DA:232,5
DA:233,5
DA:234,5
DA:236,5
DA:237,5
DA:239,5
DA:243,5
DA:248,5
DA:249,1
DA:250,1
DA:256,1
DA:260,4
DA:262,4
DA:263,1
DA:264,1
DA:270,1
DA:274,3
DA:275,1
DA:276,1
DA:286,1
DA:290,2
DA:314,2
DA:316,0
DA:317,0
DA:321,5
DA:328,4
DA:331,8
DA:335,6
DA:337,6
DA:341,6
DA:346,6
DA:371,5
DA:372,4
DA:381,30
DA:382,2
DA:383,2
DA:386,28
DA:387,1
DA:388,1
DA:392,27
DA:394,54
DA:398,27
DA:401,4
DA:403,12
DA:407,4
DA:410,4
DA:411,20
DA:412,20
DA:420,4
DA:422,4
DA:423,8
DA:424,8
DA:426,8
DA:432,4
DA:440,4
DA:447,4
DA:448,4
DA:449,4
DA:450,3
DA:452,1
DA:456,3
DA:457,3
DA:458,3
DA:459,2
DA:460,1
DA:463,1
DA:468,2
DA:475,6
DA:476,6
DA:477,6
DA:478,5
DA:479,3
DA:481,1
DA:482,1
DA:487,7
LF:171
LH:147
BRDA:10,0,0,2
BRDA:17,1,0,2
BRDA:17,1,1,0
BRDA:21,2,0,0
BRDA:21,2,1,2
BRDA:22,3,0,2
BRDA:22,3,1,1
BRDA:22,3,2,1
BRDA:25,4,0,0
BRDA:25,4,1,0
BRDA:26,5,0,0
BRDA:26,5,1,0
BRDA:28,6,0,0
BRDA:28,6,1,0
BRDA:30,7,0,0
BRDA:30,7,1,0
BRDA:42,8,0,1
BRDA:42,8,1,1
BRDA:42,9,0,2
BRDA:42,9,1,1
BRDA:53,10,0,1
BRDA:53,10,1,1
BRDA:53,10,2,1
BRDA:53,10,3,0
BRDA:69,11,0,1
BRDA:69,11,1,0
BRDA:70,12,0,1
BRDA:70,12,1,1
BRDA:85,13,0,0
BRDA:85,13,1,1
BRDA:91,14,0,0
BRDA:91,14,1,0
BRDA:92,15,0,0
BRDA:92,15,1,0
BRDA:93,16,0,0
BRDA:93,16,1,0
BRDA:95,17,0,0
BRDA:95,17,1,0
BRDA:102,18,0,0
BRDA:102,18,1,0
BRDA:102,19,0,0
BRDA:102,19,1,0
BRDA:106,20,0,0
BRDA:106,20,1,0
BRDA:125,21,0,1
BRDA:125,21,1,0
BRDA:165,22,0,1
BRDA:165,22,1,2
BRDA:165,23,0,3
BRDA:165,23,1,3
BRDA:198,24,0,5
BRDA:198,24,1,0
BRDA:198,25,0,5
BRDA:198,25,1,5
BRDA:210,26,0,2
BRDA:210,26,1,2
BRDA:210,27,0,4
BRDA:210,27,1,4
BRDA:211,28,0,2
BRDA:211,28,1,0
BRDA:214,29,0,2
BRDA:214,29,1,0
BRDA:248,30,0,1
BRDA:248,30,1,4
BRDA:248,31,0,5
BRDA:248,31,1,4
BRDA:254,32,0,1
BRDA:254,32,1,0
BRDA:262,33,0,1
BRDA:262,33,1,3
BRDA:274,34,0,1
BRDA:274,34,1,2
BRDA:284,35,0,0
BRDA:284,35,1,1
BRDA:292,36,0,2
BRDA:292,36,1,1
BRDA:305,37,0,0
BRDA:305,37,1,2
BRDA:305,38,0,2
BRDA:305,38,1,0
BRDA:307,39,0,2
BRDA:307,39,1,2
BRDA:309,40,0,2
BRDA:309,40,1,1
BRDA:310,41,0,2
BRDA:310,41,1,2
BRDA:335,42,0,6
BRDA:335,42,1,0
BRDA:348,43,0,6
BRDA:348,43,1,5
BRDA:354,44,0,6
BRDA:354,44,1,0
BRDA:355,45,0,6
BRDA:355,45,1,0
BRDA:356,46,0,6
BRDA:356,46,1,0
BRDA:357,47,0,6
BRDA:357,47,1,0
BRDA:358,48,0,6
BRDA:358,48,1,0
BRDA:359,49,0,6
BRDA:359,49,1,0
BRDA:361,50,0,6
BRDA:361,50,1,0
BRDA:366,51,0,6
BRDA:366,51,1,5
BRDA:368,52,0,6
BRDA:368,52,1,6
BRDA:381,53,0,2
BRDA:381,53,1,28
BRDA:381,54,0,30
BRDA:381,54,1,29
BRDA:381,54,2,29
BRDA:386,55,0,1
BRDA:386,55,1,27
BRDA:386,56,0,28
BRDA:386,56,1,27
BRDA:394,57,0,54
BRDA:394,57,1,32
BRDA:398,58,0,23
BRDA:398,58,1,4
BRDA:403,59,0,12
BRDA:403,59,1,12
BRDA:407,60,0,0
BRDA:407,60,1,4
BRDA:411,61,0,0
BRDA:411,61,1,20
BRDA:426,62,0,8
BRDA:426,62,1,8
BRDA:426,62,2,8
BRDA:426,62,3,6
BRDA:432,63,0,4
BRDA:432,63,1,2
BRDA:450,64,0,1
BRDA:450,64,1,2
BRDA:450,65,0,3
BRDA:450,65,1,1
BRDA:459,66,0,1
BRDA:459,66,1,1
BRDA:459,67,0,2
BRDA:459,67,1,1
BRDA:468,68,0,2
BRDA:468,68,1,1
BRDA:478,69,0,2
BRDA:478,69,1,3
BRF:145
BRH:100
end_of_record
TN:
SF:services\InAppNotificationService.js
FN:12,(anonymous_0)
FN:20,(anonymous_1)
FN:28,(anonymous_2)
FN:54,(anonymous_3)
FN:69,(anonymous_4)
FN:77,(anonymous_5)
FN:85,(anonymous_6)
FN:106,(anonymous_7)
FN:121,(anonymous_8)
FN:137,(anonymous_9)
FN:147,(anonymous_10)
FNF:11
FNH:11
FNDA:13,(anonymous_0)
FNDA:23,(anonymous_1)
FNDA:8,(anonymous_2)
FNDA:3,(anonymous_3)
FNDA:1,(anonymous_4)
FNDA:2,(anonymous_5)
FNDA:4,(anonymous_6)
FNDA:2,(anonymous_7)
FNDA:2,(anonymous_8)
FNDA:1,(anonymous_9)
FNDA:2,(anonymous_10)
DA:9,13
DA:13,13
DA:14,13
DA:21,23
DA:22,23
DA:29,8
DA:30,2
DA:31,2
DA:34,6
DA:36,6
DA:45,6
DA:47,5
DA:48,5
DA:55,3
DA:57,3
DA:59,3
DA:60,1
DA:63,3
DA:70,1
DA:71,1
DA:78,2
DA:79,2
DA:86,4
DA:88,4
DA:90,4
DA:91,1
DA:94,3
DA:99,3
DA:100,3
DA:107,2
DA:109,2
DA:114,2
DA:115,2
DA:122,2
DA:124,2
DA:126,2
DA:127,1
DA:130,1
DA:131,1
DA:138,1
DA:139,1
DA:140,1
DA:141,1
DA:148,2
DA:150,2
DA:158,2
DA:171,13
LF:47
LH:47
BRDA:29,0,0,2
BRDA:29,0,1,6
BRDA:54,1,0,2
BRDA:59,2,0,1
BRDA:59,2,1,2
BRDA:90,3,0,1
BRDA:90,3,1,3
BRDA:126,4,0,1
BRDA:126,4,1,1
BRF:9
BRH:9
end_of_record
TN:
SF:services\NotificationService.js
FN:5,(anonymous_0)
FN:22,(anonymous_1)
FN:47,(anonymous_2)
FN:130,(anonymous_3)
FN:237,(anonymous_4)
FN:326,(anonymous_5)
FN:344,(anonymous_6)
FNF:7
FNH:7
FNDA:20,(anonymous_0)
FNDA:4,(anonymous_1)
FNDA:3,(anonymous_2)
FNDA:3,(anonymous_3)
FNDA:2,(anonymous_4)
FNDA:2,(anonymous_5)
FNDA:2,(anonymous_6)
DA:2,20
DA:7,20
DA:15,20
DA:16,20
DA:23,4
DA:28,4
DA:29,3
DA:30,3
DA:31,2
DA:32,2
DA:34,1
DA:35,1
DA:41,4
DA:48,3
DA:122,3
DA:131,3
DA:135,3
DA:138,3
DA:139,3
DA:142,3
DA:143,3
DA:144,3
DA:220,3
DA:221,2
DA:222,2
DA:224,1
DA:225,1
DA:231,3
DA:238,2
DA:242,2
DA:245,2
DA:246,2
DA:247,2
DA:309,2
DA:310,1
DA:311,1
DA:313,1
DA:314,1
DA:320,2
DA:327,2
DA:328,2
DA:334,1
DA:336,1
DA:345,2
DA:346,1
DA:347,1
DA:350,1
DA:351,1
DA:406,1
DA:407,1
DA:408,1
DA:410,0
DA:411,0
DA:416,20
LF:54
LH:52
BRDA:16,0,0,17
BRDA:16,0,1,3
BRDA:28,1,0,3
BRDA:28,1,1,1
BRDA:28,2,0,4
BRDA:28,2,1,3
BRDA:79,3,0,3
BRDA:79,3,1,2
BRDA:97,4,0,3
BRDA:97,4,1,2
BRDA:138,5,0,3
BRDA:138,5,1,2
BRDA:142,6,0,3
BRDA:142,6,1,0
BRDA:142,7,0,3
BRDA:142,7,1,3
BRDA:245,8,0,2
BRDA:245,8,1,0
BRDA:245,9,0,2
BRDA:245,9,1,2
BRDA:345,10,0,1
BRDA:345,10,1,1
BRDA:345,11,0,2
BRDA:345,11,1,1
BRF:24
BRH:22
end_of_record
TN:
SF:services\OTPService.js
FN:9,(anonymous_0)
FN:20,(anonymous_1)
FN:51,(anonymous_2)
FN:60,(anonymous_3)
FN:67,(anonymous_4)
FN:170,(anonymous_5)
FN:231,(anonymous_6)
FN:244,(anonymous_7)
FNF:8
FNH:8
FNDA:2,(anonymous_0)
FNDA:22,(anonymous_1)
FNDA:18,(anonymous_2)
FNDA:77,(anonymous_3)
FNDA:5,(anonymous_4)
FNDA:7,(anonymous_5)
FNDA:2,(anonymous_6)
FNDA:3,(anonymous_7)
DA:4,2
DA:5,2
DA:6,2
DA:10,2
DA:11,2
DA:12,2
DA:14,2
DA:21,22
DA:23,21
DA:24,21
DA:25,21
DA:29,21
DA:30,21
DA:36,2
DA:37,1
DA:41,20
DA:42,20
DA:44,1
DA:52,18
DA:53,18
DA:54,18
DA:61,77
DA:68,5
DA:69,5
DA:72,5
DA:73,5
DA:76,5
DA:93,5
DA:153,4
DA:155,4
DA:162,1
DA:163,1
DA:171,7
DA:172,7
DA:173,7
DA:176,7
DA:179,6
DA:180,1
DA:187,5
DA:188,1
DA:189,1
DA:196,4
DA:202,4
DA:204,1
DA:205,1
DA:206,1
DA:212,3
DA:213,3
DA:220,1
DA:221,1
DA:232,2
DA:233,2
DA:234,2
DA:235,2
DA:237,1
DA:245,3
DA:246,3
DA:247,3
DA:248,3
DA:250,2
DA:251,1
DA:254,1
DA:261,1
DA:262,1
DA:267,2
LF:65
LH:65
BRDA:21,0,0,1
BRDA:21,0,1,21
BRDA:36,1,0,1
BRDA:36,1,1,1
BRDA:67,2,0,4
BRDA:179,3,0,1
BRDA:179,3,1,5
BRDA:187,4,0,1
BRDA:187,4,1,4
BRDA:202,5,0,1
BRDA:202,5,1,3
BRDA:250,6,0,1
BRDA:250,6,1,1
BRF:13
BRH:13
end_of_record
TN:
SF:services\PassengerService.js
FN:19,(anonymous_0)
FN:22,(anonymous_1)
FN:64,(anonymous_2)
FN:67,(anonymous_3)
FN:93,(anonymous_4)
FN:104,(anonymous_5)
FN:113,(anonymous_6)
FN:121,(anonymous_7)
FN:159,(anonymous_8)
FN:168,(anonymous_9)
FN:170,(anonymous_10)
FN:172,(anonymous_11)
FN:174,(anonymous_12)
FNF:13
FNH:13
FNDA:8,(anonymous_0)
FNDA:7,(anonymous_1)
FNDA:4,(anonymous_2)
FNDA:3,(anonymous_3)
FNDA:2,(anonymous_4)
FNDA:10,(anonymous_5)
FNDA:2,(anonymous_6)
FNDA:10,(anonymous_7)
FNDA:9,(anonymous_8)
FNDA:8,(anonymous_9)
FNDA:4,(anonymous_10)
FNDA:4,(anonymous_11)
FNDA:4,(anonymous_12)
DA:3,2
DA:4,2
DA:21,8
DA:22,8
DA:24,8
DA:25,1
DA:29,7
DA:30,2
DA:34,5
DA:35,1
DA:39,4
DA:42,4
DA:44,4
DA:66,4
DA:67,4
DA:69,4
DA:70,1
DA:74,3
DA:75,1
DA:79,2
DA:81,2
DA:94,2
DA:105,10
DA:106,10
DA:108,10
DA:109,1
DA:113,9
DA:114,2
DA:115,0
DA:116,0
DA:119,9
DA:120,9
DA:121,10
DA:124,9
DA:160,9
DA:161,1
DA:164,8
DA:166,8
DA:168,8
DA:170,4
DA:172,4
DA:174,4
DA:176,2
DA:181,2
LF:44
LH:42
BRDA:24,0,0,1
BRDA:24,0,1,7
BRDA:29,1,0,2
BRDA:29,1,1,5
BRDA:34,2,0,1
BRDA:34,2,1,4
BRDA:34,3,0,5
BRDA:34,3,1,5
BRDA:47,4,0,3
BRDA:47,4,1,1
BRDA:69,5,0,1
BRDA:69,5,1,3
BRDA:74,6,0,1
BRDA:74,6,1,2
BRDA:108,7,0,1
BRDA:108,7,1,9
BRDA:114,8,0,2
BRDA:114,8,1,0
BRDA:116,9,0,0
BRDA:116,9,1,0
BRDA:119,10,0,9
BRDA:119,10,1,1
BRDA:120,11,0,8
BRDA:120,11,1,1
BRDA:126,12,0,9
BRDA:126,12,1,1
BRDA:133,13,0,9
BRDA:133,13,1,1
BRDA:133,14,0,1
BRDA:133,14,1,0
BRDA:137,15,0,9
BRDA:137,15,1,1
BRDA:139,16,0,9
BRDA:139,16,1,1
BRDA:142,17,0,7
BRDA:142,17,1,2
BRDA:143,18,0,9
BRDA:143,18,1,1
BRDA:145,19,0,9
BRDA:145,19,1,1
BRDA:146,20,0,9
BRDA:146,20,1,1
BRDA:147,21,0,9
BRDA:147,21,1,9
BRDA:160,22,0,1
BRDA:160,22,1,8
BRDA:166,23,0,3
BRDA:166,23,1,1
BRDA:166,23,2,1
BRDA:166,23,3,1
BRDA:166,23,4,2
BRF:51
BRH:47
end_of_record
TN:
SF:services\PushNotificationService.js
FN:9,(anonymous_0)
FN:24,(anonymous_1)
FN:38,(anonymous_2)
FN:47,(anonymous_3)
FN:84,(anonymous_4)
FN:107,(anonymous_5)
FNF:6
FNH:6
FNDA:2,(anonymous_0)
FNDA:13,(anonymous_1)
FNDA:2,(anonymous_2)
FNDA:10,(anonymous_3)
FNDA:4,(anonymous_4)
FNDA:1,(anonymous_5)
DA:10,2
DA:13,2
DA:18,2
DA:25,13
DA:26,13
DA:27,13
DA:28,13
DA:30,0
DA:31,0
DA:39,2
DA:40,2
DA:41,2
DA:48,10
DA:49,10
DA:51,10
DA:52,4
DA:53,4
DA:56,6
DA:72,6
DA:73,6
DA:76,0
DA:77,0
DA:85,4
DA:91,4
DA:92,6
DA:93,6
DA:94,3
DA:96,3
DA:100,4
DA:101,4
DA:108,1
DA:112,2
LF:32
LH:28
BRDA:51,0,0,4
BRDA:51,0,1,6
BRDA:93,1,0,3
BRDA:93,1,1,3
BRF:4
BRH:4
end_of_record
TN:
SF:services\PushSubscriptionService.js
FN:9,(anonymous_0)
FN:22,(anonymous_1)
FN:38,(anonymous_2)
FN:53,(anonymous_3)
FN:60,(anonymous_4)
FN:67,(anonymous_5)
FN:87,(anonymous_6)
FN:89,(anonymous_7)
FN:105,(anonymous_8)
FN:116,(anonymous_9)
FN:127,(anonymous_10)
FN:139,(anonymous_11)
FN:153,(anonymous_12)
FN:168,(anonymous_13)
FN:175,(anonymous_14)
FN:186,(anonymous_15)
FN:191,(anonymous_16)
FN:210,(anonymous_17)
FN:223,(anonymous_18)
FN:241,(anonymous_19)
FN:256,(anonymous_20)
FN:270,(anonymous_21)
FN:276,(anonymous_22)
FNF:23
FNH:23
FNDA:15,(anonymous_0)
FNDA:20,(anonymous_1)
FNDA:5,(anonymous_2)
FNDA:9,(anonymous_3)
FNDA:3,(anonymous_4)
FNDA:2,(anonymous_5)
FNDA:2,(anonymous_6)
FNDA:1,(anonymous_7)
FNDA:2,(anonymous_8)
FNDA:3,(anonymous_9)
FNDA:1,(anonymous_10)
FNDA:9,(anonymous_11)
FNDA:1,(anonymous_12)
FNDA:5,(anonymous_13)
FNDA:1,(anonymous_14)
FNDA:2,(anonymous_15)
FNDA:1,(anonymous_16)
FNDA:1,(anonymous_17)
FNDA:7,(anonymous_18)
FNDA:1,(anonymous_19)
FNDA:4,(anonymous_20)
FNDA:2,(anonymous_21)
FNDA:1,(anonymous_22)
DA:11,15
DA:14,15
DA:16,15
DA:23,20
DA:24,1
DA:27,19
DA:28,1
DA:32,18
DA:33,13
DA:37,18
DA:38,18
DA:40,18
DA:41,17
DA:42,17
DA:44,1
DA:47,18
DA:54,9
DA:61,3
DA:63,3
DA:64,1
DA:67,2
DA:69,2
DA:70,2
DA:71,2
DA:74,2
DA:75,1
DA:78,2
DA:81,0
DA:88,2
DA:89,1
DA:90,1
DA:91,1
DA:92,1
DA:93,1
DA:95,1
DA:96,1
DA:99,1
DA:106,2
DA:107,2
DA:108,1
DA:110,2
DA:117,3
DA:118,3
DA:119,4
DA:121,3
DA:128,1
DA:140,9
DA:141,1
DA:144,8
DA:145,0
DA:148,8
DA:149,7
DA:152,8
DA:153,8
DA:155,8
DA:156,7
DA:157,7
DA:159,1
DA:162,8
DA:169,5
DA:176,1
DA:177,1
DA:178,2
DA:180,1
DA:187,2
DA:189,2
DA:191,1
DA:193,1
DA:194,1
DA:195,1
DA:197,1
DA:198,1
DA:201,1
DA:204,0
DA:211,1
DA:212,1
DA:213,1
DA:215,1
DA:224,7
DA:225,1
DA:228,6
DA:229,0
DA:232,6
DA:233,1
DA:236,6
DA:237,5
DA:240,6
DA:241,6
DA:243,6
DA:244,5
DA:245,5
DA:247,1
DA:250,6
DA:257,4
DA:258,0
DA:260,4
DA:261,4
DA:262,4
DA:264,4
DA:271,2
DA:273,2
DA:274,2
DA:276,1
DA:277,1
DA:278,1
DA:279,1
DA:280,1
DA:281,1
DA:283,1
DA:285,0
DA:289,15
LF:111
LH:105
BRDA:22,0,0,20
BRDA:23,1,0,1
BRDA:23,1,1,19
BRDA:27,2,0,1
BRDA:27,2,1,18
BRDA:27,3,0,19
BRDA:27,3,1,19
BRDA:32,4,0,13
BRDA:32,4,1,5
BRDA:40,5,0,17
BRDA:40,5,1,1
BRDA:54,6,0,9
BRDA:54,6,1,4
BRDA:63,7,0,1
BRDA:63,7,1,2
BRDA:69,8,0,2
BRDA:69,8,1,0
BRDA:74,9,0,1
BRDA:74,9,1,1
BRDA:90,10,0,1
BRDA:90,10,1,0
BRDA:92,11,0,1
BRDA:92,11,1,0
BRDA:107,12,0,1
BRDA:107,12,1,1
BRDA:139,13,0,9
BRDA:140,14,0,1
BRDA:140,14,1,8
BRDA:144,15,0,0
BRDA:144,15,1,8
BRDA:144,16,0,8
BRDA:144,16,1,8
BRDA:148,17,0,7
BRDA:148,17,1,1
BRDA:155,18,0,7
BRDA:155,18,1,1
BRDA:169,19,0,5
BRDA:169,19,1,2
BRDA:189,20,0,1
BRDA:189,20,1,1
BRDA:193,21,0,1
BRDA:193,21,1,0
BRDA:197,22,0,1
BRDA:197,22,1,0
BRDA:212,23,0,1
BRDA:212,23,1,0
BRDA:223,24,0,7
BRDA:224,25,0,1
BRDA:224,25,1,6
BRDA:228,26,0,0
BRDA:228,26,1,6
BRDA:228,27,0,6
BRDA:228,27,1,6
BRDA:232,28,0,1
BRDA:232,28,1,5
BRDA:236,29,0,5
BRDA:236,29,1,1
BRDA:243,30,0,5
BRDA:243,30,1,1
BRDA:257,31,0,0
BRDA:257,31,1,4
BRDA:271,32,0,0
BRDA:271,32,1,2
BRDA:274,33,0,1
BRDA:274,33,1,1
BRDA:277,34,0,1
BRDA:277,34,1,0
BRDA:280,35,0,1
BRDA:280,35,1,0
BRF:69
BRH:57
end_of_record
TN:
SF:services\QueueService.js
FN:5,(anonymous_0)
FN:9,(anonymous_1)
FN:10,(anonymous_2)
FN:11,(anonymous_3)
FN:21,(anonymous_4)
FN:26,(anonymous_5)
FN:27,(anonymous_6)
FN:30,(anonymous_7)
FN:31,(anonymous_8)
FN:35,(anonymous_9)
FN:36,(anonymous_10)
FN:39,(anonymous_11)
FN:43,(anonymous_12)
FN:47,(anonymous_13)
FN:51,(anonymous_14)
FN:55,(anonymous_15)
FNF:16
FNH:14
FNDA:1,(anonymous_0)
FNDA:3,(anonymous_1)
FNDA:6,(anonymous_2)
FNDA:5,(anonymous_3)
FNDA:9,(anonymous_4)
FNDA:0,(anonymous_5)
FNDA:0,(anonymous_6)
FNDA:2,(anonymous_7)
FNDA:2,(anonymous_8)
FNDA:3,(anonymous_9)
FNDA:2,(anonymous_10)
FNDA:4,(anonymous_11)
FNDA:1,(anonymous_12)
FNDA:2,(anonymous_13)
FNDA:6,(anonymous_14)
FNDA:1,(anonymous_15)
DA:2,1
DA:6,1
DA:10,6
DA:11,5
DA:18,3
DA:22,9
DA:23,9
DA:27,0
DA:31,2
DA:32,2
DA:36,3
DA:40,4
DA:44,1
DA:48,2
DA:52,6
DA:56,1
DA:60,1
LF:17
LH:16
BRDA:23,0,0,8
BRDA:23,0,1,1
BRDA:32,1,0,1
BRDA:32,1,1,1
BRDA:40,2,0,4
BRDA:40,2,1,1
BRF:6
BRH:6
end_of_record
TN:
SF:services\RACHashMapService.js
FN:8,(anonymous_0)
FN:23,(anonymous_1)
FN:29,(anonymous_2)
FN:73,(anonymous_3)
FN:80,(anonymous_4)
FN:82,(anonymous_5)
FN:88,(anonymous_6)
FN:90,(anonymous_7)
FN:96,(anonymous_8)
FN:98,(anonymous_9)
FN:113,(anonymous_10)
FN:115,(anonymous_11)
FN:116,(anonymous_12)
FN:117,(anonymous_13)
FN:125,(anonymous_14)
FN:130,(anonymous_15)
FN:137,(anonymous_16)
FN:144,(anonymous_17)
FN:151,(anonymous_18)
FN:158,(anonymous_19)
FNF:20
FNH:20
FNDA:1,(anonymous_0)
FNDA:35,(anonymous_1)
FNDA:1097,(anonymous_2)
FNDA:4,(anonymous_3)
FNDA:5,(anonymous_4)
FNDA:6,(anonymous_5)
FNDA:8,(anonymous_6)
FNDA:15,(anonymous_7)
FNDA:3,(anonymous_8)
FNDA:9,(anonymous_9)
FNDA:6,(anonymous_10)
FNDA:11,(anonymous_11)
FNDA:18,(anonymous_12)
FNDA:18,(anonymous_13)
FNDA:18,(anonymous_14)
FNDA:5,(anonymous_15)
FNDA:3,(anonymous_16)
FNDA:3,(anonymous_17)
FNDA:9,(anonymous_18)
FNDA:38,(anonymous_19)
DA:10,1
DA:13,1
DA:16,1
DA:25,35
DA:26,35
DA:27,35
DA:29,35
DA:30,1097
DA:33,1097
DA:49,1097
DA:50,1097
DA:51,65
DA:53,1097
DA:56,1097
DA:57,3288
DA:58,131
DA:60,3288
DA:64,35
DA:65,35
DA:66,35
DA:67,35
DA:74,4
DA:81,5
DA:82,6
DA:89,8
DA:90,15
DA:97,3
DA:98,3
DA:99,9
DA:107,3
DA:114,6
DA:115,6
DA:116,18
DA:117,18
DA:119,11
DA:125,18
DA:130,6
DA:131,6
DA:138,3
DA:145,3
DA:152,9
DA:159,38
DA:160,38
DA:161,38
DA:165,1
LF:45
LH:45
BRDA:50,0,0,65
BRDA:50,0,1,1032
BRDA:57,1,0,131
BRDA:57,1,1,3157
BRDA:81,2,0,5
BRDA:81,2,1,2
BRDA:89,3,0,8
BRDA:89,3,1,2
BRF:8
BRH:8
end_of_record
TN:
SF:services\ReallocationService.js
FN:22,(anonymous_0)
FN:26,(anonymous_1)
FN:30,(anonymous_2)
FN:34,(anonymous_3)
FN:38,(anonymous_4)
FN:42,(anonymous_5)
FN:46,(anonymous_6)
FN:50,(anonymous_7)
FN:54,(anonymous_8)
FN:58,(anonymous_9)
FN:62,(anonymous_10)
FN:70,(anonymous_11)
FN:183,(anonymous_12)
FN:189,(anonymous_13)
FN:225,(anonymous_14)
FN:232,(anonymous_15)
FN:285,(anonymous_16)
FN:291,(anonymous_17)
FN:326,(anonymous_18)
FNF:19
FNH:10
FNDA:2,(anonymous_0)
FNDA:1,(anonymous_1)
FNDA:1,(anonymous_2)
FNDA:1,(anonymous_3)
FNDA:0,(anonymous_4)
FNDA:1,(anonymous_5)
FNDA:1,(anonymous_6)
FNDA:1,(anonymous_7)
FNDA:0,(anonymous_8)
FNDA:1,(anonymous_9)
FNDA:1,(anonymous_10)
FNDA:12,(anonymous_11)
FNDA:0,(anonymous_12)
FNDA:0,(anonymous_13)
FNDA:0,(anonymous_14)
FNDA:0,(anonymous_15)
FNDA:0,(anonymous_16)
FNDA:0,(anonymous_17)
FNDA:0,(anonymous_18)
DA:7,10
DA:8,10
DA:9,10
DA:10,10
DA:11,10
DA:12,10
DA:15,10
DA:16,10
DA:17,10
DA:18,10
DA:19,10
DA:23,2
DA:27,1
DA:31,1
DA:35,1
DA:39,0
DA:43,1
DA:47,1
DA:51,1
DA:55,0
DA:59,1
DA:63,1
DA:71,12
DA:73,12
DA:74,1
DA:75,1
DA:78,11
DA:79,1
DA:80,1
DA:83,10
DA:84,1
DA:85,1
DA:88,9
DA:89,9
DA:92,9
DA:93,9
DA:95,10
DA:96,9
DA:99,8
DA:100,1
DA:101,1
DA:104,7
DA:107,9
DA:110,9
DA:112,9
DA:113,7
DA:114,7
DA:120,6
DA:121,6
DA:122,6
DA:125,6
DA:126,5
DA:141,4
DA:143,4
DA:152,3
DA:155,0
DA:161,0
DA:167,3
DA:171,9
DA:173,0
DA:174,0
DA:184,0
DA:185,0
DA:186,0
DA:187,0
DA:189,0
DA:190,0
DA:196,0
DA:197,0
DA:214,0
DA:216,0
DA:217,0
DA:226,0
DA:227,0
DA:230,0
DA:231,0
DA:232,0
DA:236,0
DA:237,0
DA:246,0
DA:253,0
DA:260,0
DA:271,0
DA:272,0
DA:286,0
DA:287,0
DA:288,0
DA:289,0
DA:291,0
DA:292,0
DA:298,0
DA:299,0
DA:319,0
DA:321,0
DA:322,0
DA:327,0
DA:331,10
LF:97
LH:56
BRDA:73,0,0,1
BRDA:73,0,1,11
BRDA:78,1,0,1
BRDA:78,1,1,10
BRDA:78,2,0,11
BRDA:78,2,1,10
BRDA:83,3,0,1
BRDA:83,3,1,9
BRDA:95,4,0,1
BRDA:95,4,1,9
BRDA:96,5,0,1
BRDA:96,5,1,8
BRDA:99,6,0,1
BRDA:99,6,1,7
BRDA:120,7,0,6
BRDA:120,7,1,0
BRDA:125,8,0,5
BRDA:125,8,1,1
BRDA:141,9,0,4
BRDA:141,9,1,0
BRDA:186,10,0,0
BRDA:186,10,1,0
BRDA:196,11,0,0
BRDA:196,11,1,0
BRDA:204,12,0,0
BRDA:204,12,1,0
BRDA:205,13,0,0
BRDA:205,13,1,0
BRDA:227,14,0,0
BRDA:227,14,1,0
BRDA:232,15,0,0
BRDA:232,15,1,0
BRDA:236,16,0,0
BRDA:236,16,1,0
BRDA:266,17,0,0
BRDA:266,17,1,0
BRDA:267,18,0,0
BRDA:267,18,1,0
BRDA:288,19,0,0
BRDA:288,19,1,0
BRDA:298,20,0,0
BRDA:298,20,1,0
BRDA:306,21,0,0
BRDA:306,21,1,0
BRDA:307,22,0,0
BRDA:307,22,1,0
BRDA:310,23,0,0
BRDA:310,23,1,0
BRDA:310,24,0,0
BRDA:310,24,1,0
BRF:50
BRH:18
end_of_record
TN:
SF:services\RefreshTokenService.js
FN:17,(anonymous_0)
FN:50,(anonymous_1)
FN:77,(anonymous_2)
FN:99,(anonymous_3)
FN:123,(anonymous_4)
FNF:5
FNH:5
FNDA:10,(anonymous_0)
FNDA:9,(anonymous_1)
FNDA:6,(anonymous_2)
FNDA:3,(anonymous_3)
FNDA:4,(anonymous_4)
DA:4,2
DA:5,2
DA:7,2
DA:18,10
DA:19,10
DA:20,10
DA:22,10
DA:23,10
DA:27,10
DA:37,9
DA:38,9
DA:40,1
DA:41,1
DA:51,9
DA:52,9
DA:53,9
DA:55,9
DA:61,8
DA:62,4
DA:63,4
DA:66,4
DA:68,1
DA:69,1
DA:78,6
DA:79,6
DA:80,6
DA:82,6
DA:87,5
DA:88,5
DA:90,1
DA:91,1
DA:100,3
DA:101,3
DA:102,3
DA:104,3
DA:109,2
DA:110,2
DA:112,1
DA:113,1
DA:124,4
DA:126,4
DA:127,1
DA:131,3
DA:134,3
DA:140,3
DA:148,2
LF:46
LH:46
BRDA:17,0,0,6
BRDA:61,1,0,4
BRDA:61,1,1,4
BRDA:87,2,0,4
BRDA:87,2,1,1
BRDA:126,3,0,1
BRDA:126,3,1,3
BRF:7
BRH:7
end_of_record
TN:
SF:services\SegmentService.js
FN:7,(anonymous_0)
FN:10,(anonymous_1)
FN:38,(anonymous_2)
FN:50,(anonymous_3)
FN:70,(anonymous_4)
FN:73,(anonymous_5)
FN:80,(anonymous_6)
FN:99,(anonymous_7)
FN:102,(anonymous_8)
FN:103,(anonymous_9)
FNF:10
FNH:10
FNDA:7,(anonymous_0)
FNDA:7,(anonymous_1)
FNDA:6,(anonymous_2)
FNDA:5,(anonymous_3)
FNDA:3,(anonymous_4)
FNDA:3,(anonymous_5)
FNDA:4,(anonymous_6)
FNDA:3,(anonymous_7)
FNDA:2,(anonymous_8)
FNDA:3,(anonymous_9)
DA:8,7
DA:10,7
DA:11,7
DA:12,5
DA:13,5
DA:14,13
DA:17,5
DA:32,7
DA:39,6
DA:40,6
DA:42,4
DA:44,4
DA:45,11
DA:46,11
DA:48,11
DA:49,11
DA:50,5
DA:53,11
DA:64,4
DA:71,3
DA:73,3
DA:74,3
DA:80,3
DA:81,4
DA:90,3
DA:93,3
DA:100,3
DA:102,3
DA:103,2
DA:104,3
DA:105,2
DA:115,3
DA:124,3
LF:33
LH:33
BRDA:11,0,0,5
BRDA:11,0,1,2
BRDA:40,1,0,2
BRDA:40,1,1,4
BRDA:49,2,0,4
BRDA:49,2,1,7
BRDA:59,3,0,4
BRDA:59,3,1,7
BRDA:60,4,0,4
BRDA:60,4,1,7
BRDA:104,5,0,2
BRDA:104,5,1,1
BRF:12
BRH:12
end_of_record
TN:
SF:services\StationEventService.js
FN:13,(anonymous_0)
FN:83,(anonymous_1)
FN:88,(anonymous_2)
FN:89,(anonymous_3)
FN:93,(anonymous_4)
FN:119,(anonymous_5)
FN:123,(anonymous_6)
FN:124,(anonymous_7)
FN:127,(anonymous_8)
FN:137,(anonymous_9)
FN:148,(anonymous_10)
FN:245,(anonymous_11)
FN:249,(anonymous_12)
FN:250,(anonymous_13)
FN:262,(anonymous_14)
FN:309,(anonymous_15)
FN:316,(anonymous_16)
FN:317,(anonymous_17)
FN:320,(anonymous_18)
FN:329,(anonymous_19)
FNF:20
FNH:20
FNDA:5,(anonymous_0)
FNDA:8,(anonymous_1)
FNDA:8,(anonymous_2)
FNDA:8,(anonymous_3)
FNDA:5,(anonymous_4)
FNDA:8,(anonymous_5)
FNDA:8,(anonymous_6)
FNDA:8,(anonymous_7)
FNDA:7,(anonymous_8)
FNDA:5,(anonymous_9)
FNDA:4,(anonymous_10)
FNDA:3,(anonymous_11)
FNDA:3,(anonymous_12)
FNDA:3,(anonymous_13)
FNDA:9,(anonymous_14)
FNDA:8,(anonymous_15)
FNDA:8,(anonymous_16)
FNDA:8,(anonymous_17)
FNDA:5,(anonymous_18)
FNDA:3,(anonymous_19)
DA:4,7
DA:5,7
DA:6,7
DA:14,5
DA:16,5
DA:17,1
DA:20,4
DA:21,4
DA:22,4
DA:23,4
DA:25,4
DA:39,4
DA:42,4
DA:43,4
DA:51,4
DA:52,4
DA:53,4
DA:55,4
DA:56,4
DA:59,4
DA:62,4
DA:63,4
DA:65,4
DA:66,4
DA:67,4
DA:68,4
DA:69,4
DA:70,4
DA:71,4
DA:72,4
DA:74,4
DA:76,4
DA:84,8
DA:85,8
DA:86,8
DA:88,8
DA:89,8
DA:90,8
DA:92,8
DA:93,4
DA:94,5
DA:95,5
DA:96,5
DA:97,5
DA:101,4
DA:113,8
DA:120,8
DA:121,8
DA:123,8
DA:124,8
DA:125,8
DA:127,8
DA:129,7
DA:130,5
DA:131,5
DA:132,5
DA:133,5
DA:137,8
DA:141,8
DA:149,4
DA:151,4
DA:152,4
DA:155,4
DA:156,1
DA:157,1
DA:161,3
DA:163,1
DA:164,1
DA:171,2
DA:173,2
DA:174,2
DA:177,2
DA:178,2
DA:179,2
DA:184,2
DA:187,2
DA:188,0
DA:189,0
DA:192,2
DA:195,2
DA:196,2
DA:199,2
DA:205,2
DA:206,0
DA:207,0
DA:210,2
DA:212,2
DA:214,2
DA:223,1
DA:224,1
DA:225,1
DA:228,1
DA:229,0
DA:233,1
DA:237,2
DA:239,2
DA:246,3
DA:247,3
DA:249,3
DA:250,3
DA:251,3
DA:252,3
DA:256,3
DA:263,9
DA:264,9
DA:266,9
DA:267,30
DA:269,19
DA:270,10
DA:274,11
DA:276,4
DA:285,4
DA:291,9
DA:292,6
DA:303,9
DA:310,8
DA:311,8
DA:313,8
DA:316,8
DA:317,8
DA:318,8
DA:320,8
DA:321,5
DA:322,5
DA:323,5
DA:329,8
DA:330,3
DA:331,1
DA:332,1
DA:333,1
DA:337,8
DA:341,7
LF:132
LH:127
BRDA:16,0,0,1
BRDA:16,0,1,4
BRDA:92,1,0,4
BRDA:92,1,1,4
BRDA:129,2,0,5
BRDA:129,2,1,2
BRDA:129,3,0,7
BRDA:129,3,1,6
BRDA:129,3,2,6
BRDA:148,4,0,0
BRDA:155,5,0,1
BRDA:155,5,1,3
BRDA:161,6,0,1
BRDA:161,6,1,2
BRDA:187,7,0,0
BRDA:187,7,1,2
BRDA:205,8,0,0
BRDA:205,8,1,2
BRDA:223,9,0,1
BRDA:223,9,1,0
BRDA:228,10,0,0
BRDA:228,10,1,1
BRDA:267,11,0,19
BRDA:267,11,1,11
BRDA:269,12,0,10
BRDA:269,12,1,9
BRDA:274,13,0,4
BRDA:274,13,1,7
BRDA:282,14,0,4
BRDA:282,14,1,0
BRDA:283,15,0,4
BRDA:283,15,1,1
BRDA:291,16,0,6
BRDA:291,16,1,3
BRDA:298,17,0,6
BRDA:298,17,1,2
BRDA:299,18,0,6
BRDA:299,18,1,6
BRDA:330,19,0,1
BRDA:330,19,1,2
BRDA:330,20,0,3
BRDA:330,20,1,2
BRDA:330,20,2,2
BRF:43
BRH:37
end_of_record
TN:
SF:services\StationWiseApprovalService.js
FN:20,(anonymous_0)
FN:133,(anonymous_1)
FN:168,(anonymous_2)
FN:169,(anonymous_3)
FN:186,(anonymous_4)
FN:205,(anonymous_5)
FN:250,(anonymous_6)
FN:290,(anonymous_7)
FN:311,(anonymous_8)
FN:373,(anonymous_9)
FN:385,(anonymous_10)
FN:460,(anonymous_11)
FN:479,(anonymous_12)
FN:490,(anonymous_13)
FN:499,(anonymous_14)
FNF:15
FNH:15
FNDA:4,(anonymous_0)
FNDA:5,(anonymous_1)
FNDA:1,(anonymous_2)
FNDA:2,(anonymous_3)
FNDA:6,(anonymous_4)
FNDA:5,(anonymous_5)
FNDA:1,(anonymous_6)
FNDA:4,(anonymous_7)
FNDA:3,(anonymous_8)
FNDA:4,(anonymous_9)
FNDA:3,(anonymous_10)
FNDA:3,(anonymous_11)
FNDA:1,(anonymous_12)
FNDA:1,(anonymous_13)
FNDA:1,(anonymous_14)
DA:7,9
DA:8,9
DA:9,9
DA:10,9
DA:11,9
DA:12,9
DA:13,9
DA:21,4
DA:22,4
DA:24,4
DA:25,2
DA:26,2
DA:29,2
DA:30,2
DA:33,2
DA:34,2
DA:35,2
DA:40,2
DA:43,2
DA:44,0
DA:45,0
DA:48,2
DA:50,2
DA:53,2
DA:54,2
DA:60,2
DA:61,1
DA:62,1
DA:66,1
DA:68,1
DA:102,1
DA:103,1
DA:107,2
DA:108,1
DA:111,1
DA:117,2
DA:119,2
DA:124,0
DA:125,0
DA:134,5
DA:135,5
DA:136,4
DA:138,4
DA:140,4
DA:147,4
DA:148,1
DA:152,3
DA:159,3
DA:160,3
DA:168,4
DA:169,1
DA:170,2
DA:171,2
DA:173,1
DA:176,4
DA:178,1
DA:179,1
DA:187,6
DA:190,6
DA:191,6
DA:194,6
DA:196,6
DA:198,6
DA:206,5
DA:207,5
DA:209,5
DA:210,16
DA:211,11
DA:212,5
DA:215,5
DA:216,1
DA:225,1
DA:230,5
DA:231,4
DA:242,5
DA:251,1
DA:252,1
DA:253,1
DA:255,1
DA:256,0
DA:259,1
DA:263,1
DA:268,1
DA:269,0
DA:273,1
DA:275,1
DA:277,1
DA:282,0
DA:283,0
DA:291,4
DA:292,4
DA:293,4
DA:295,4
DA:296,4
DA:297,3
DA:300,4
DA:301,3
DA:303,1
DA:304,1
DA:312,3
DA:313,3
DA:315,3
DA:316,3
DA:317,3
DA:319,3
DA:320,4
DA:322,4
DA:324,0
DA:325,0
DA:326,0
DA:330,0
DA:336,0
DA:338,0
DA:349,0
DA:350,0
DA:353,0
DA:354,0
DA:355,0
DA:361,0
DA:365,4
DA:366,4
DA:370,3
DA:373,4
DA:377,0
DA:378,0
DA:386,3
DA:387,3
DA:388,3
DA:391,3
DA:393,3
DA:405,3
DA:406,2
DA:409,2
DA:410,1
DA:412,1
DA:413,1
DA:424,1
DA:426,0
DA:430,1
DA:431,1
DA:442,0
DA:446,2
DA:448,1
DA:451,0
DA:452,0
DA:461,3
DA:462,3
DA:463,3
DA:464,3
DA:467,3
DA:468,3
DA:469,3
DA:470,1
DA:471,1
DA:475,2
DA:478,1
DA:479,1
DA:482,1
DA:484,1
DA:490,1
DA:499,1
DA:518,1
DA:519,1
DA:521,1
DA:523,1
DA:524,1
DA:529,9
LF:167
LH:141
BRDA:24,0,0,2
BRDA:24,0,1,2
BRDA:24,1,0,4
BRDA:24,1,1,4
BRDA:43,2,0,0
BRDA:43,2,1,2
BRDA:60,3,0,1
BRDA:60,3,1,1
BRDA:107,4,0,1
BRDA:107,4,1,1
BRDA:147,5,0,1
BRDA:147,5,1,3
BRDA:159,6,0,3
BRDA:159,6,1,0
BRDA:171,7,0,2
BRDA:171,7,1,0
BRDA:190,8,0,6
BRDA:190,8,1,0
BRDA:210,9,0,11
BRDA:210,9,1,5
BRDA:211,10,0,5
BRDA:211,10,1,6
BRDA:215,11,0,1
BRDA:215,11,1,4
BRDA:222,12,0,1
BRDA:222,12,1,0
BRDA:223,13,0,1
BRDA:223,13,1,0
BRDA:230,14,0,4
BRDA:230,14,1,1
BRDA:237,15,0,4
BRDA:237,15,1,1
BRDA:238,16,0,4
BRDA:238,16,1,4
BRDA:255,17,0,0
BRDA:255,17,1,1
BRDA:268,18,0,0
BRDA:268,18,1,1
BRDA:290,19,0,1
BRDA:296,20,0,3
BRDA:296,20,1,1
BRDA:324,21,0,0
BRDA:324,21,1,0
BRDA:324,22,0,0
BRDA:324,22,1,0
BRDA:336,23,0,0
BRDA:336,23,1,0
BRDA:405,24,0,2
BRDA:405,24,1,1
BRDA:409,25,0,1
BRDA:409,25,1,1
BRDA:409,26,0,2
BRDA:409,26,1,2
BRDA:469,27,0,1
BRDA:469,27,1,2
BRF:55
BRH:41
end_of_record
TN:
SF:services\UpgradeNotificationService.js
FN:7,(anonymous_0)
FN:17,(anonymous_1)
FN:25,(anonymous_2)
FN:34,(anonymous_3)
FN:77,(anonymous_4)
FN:92,(anonymous_5)
FN:123,(anonymous_6)
FN:169,(anonymous_7)
FN:177,(anonymous_8)
FN:185,(anonymous_9)
FN:193,(anonymous_10)
FN:201,(anonymous_11)
FN:214,(anonymous_12)
FN:218,(anonymous_13)
FNF:14
FNH:14
FNDA:14,(anonymous_0)
FNDA:22,(anonymous_1)
FNDA:6,(anonymous_2)
FNDA:5,(anonymous_3)
FNDA:2,(anonymous_4)
FNDA:3,(anonymous_5)
FNDA:4,(anonymous_6)
FNDA:1,(anonymous_7)
FNDA:1,(anonymous_8)
FNDA:1,(anonymous_9)
FNDA:2,(anonymous_10)
FNDA:2,(anonymous_11)
FNDA:3,(anonymous_12)
FNDA:3,(anonymous_13)
DA:4,14
DA:8,14
DA:9,14
DA:10,14
DA:11,14
DA:18,22
DA:19,22
DA:26,6
DA:27,6
DA:35,5
DA:38,5
DA:39,4
DA:43,3
DA:44,1
DA:48,4
DA:65,4
DA:67,4
DA:68,4
DA:70,4
DA:78,2
DA:79,2
DA:83,2
DA:84,1
DA:86,2
DA:93,3
DA:95,3
DA:97,3
DA:98,1
DA:101,2
DA:102,1
DA:105,1
DA:115,1
DA:117,1
DA:124,4
DA:125,4
DA:127,4
DA:129,4
DA:130,1
DA:133,3
DA:134,1
DA:137,2
DA:139,2
DA:151,2
DA:161,2
DA:163,2
DA:170,1
DA:171,1
DA:178,1
DA:179,1
DA:186,1
DA:187,1
DA:194,2
DA:195,2
DA:202,2
DA:203,2
DA:208,2
DA:215,3
DA:216,3
DA:218,3
DA:234,14
LF:60
LH:60
BRDA:34,0,0,4
BRDA:38,1,0,4
BRDA:38,1,1,1
BRDA:43,2,0,1
BRDA:43,2,1,2
BRDA:83,3,0,1
BRDA:83,3,1,1
BRDA:97,4,0,1
BRDA:97,4,1,2
BRDA:101,5,0,1
BRDA:101,5,1,1
BRDA:123,6,0,2
BRDA:129,7,0,1
BRDA:129,7,1,3
BRDA:133,8,0,1
BRDA:133,8,1,2
BRDA:228,9,0,3
BRDA:228,9,1,2
BRDA:228,9,2,1
BRF:19
BRH:19
end_of_record
TN:
SF:services\ValidationService.js
FN:7,(anonymous_0)
FN:43,(anonymous_1)
FN:81,(anonymous_2)
FN:102,(anonymous_3)
FN:123,(anonymous_4)
FN:158,(anonymous_5)
FN:186,(anonymous_6)
FN:199,(anonymous_7)
FNF:8
FNH:8
FNDA:4,(anonymous_0)
FNDA:4,(anonymous_1)
FNDA:18,(anonymous_2)
FNDA:10,(anonymous_3)
FNDA:15,(anonymous_4)
FNDA:10,(anonymous_5)
FNDA:4,(anonymous_6)
FNDA:2,(anonymous_7)
DA:8,4
DA:9,4
DA:11,3
DA:12,1
DA:18,2
DA:20,2
DA:21,1
DA:27,1
DA:33,1
DA:44,4
DA:45,1
DA:51,3
DA:53,3
DA:54,1
DA:60,2
DA:65,2
DA:66,1
DA:72,1
DA:82,18
DA:83,5
DA:86,13
DA:88,13
DA:89,4
DA:92,9
DA:93,2
DA:96,7
DA:103,10
DA:104,2
DA:110,8
DA:111,4
DA:117,4
DA:124,15
DA:125,3
DA:131,12
DA:132,3
DA:138,9
DA:139,3
DA:145,6
DA:146,4
DA:152,2
DA:159,10
DA:160,2
DA:166,8
DA:167,3
DA:173,5
DA:174,3
DA:180,2
DA:187,4
DA:188,2
DA:193,2
DA:200,2
DA:201,1
DA:206,1
DA:210,3
LF:54
LH:54
BRDA:11,0,0,1
BRDA:11,0,1,2
BRDA:20,1,0,1
BRDA:20,1,1,1
BRDA:44,2,0,1
BRDA:44,2,1,3
BRDA:53,3,0,1
BRDA:53,3,1,2
BRDA:65,4,0,1
BRDA:65,4,1,1
BRDA:82,5,0,5
BRDA:82,5,1,13
BRDA:88,6,0,4
BRDA:88,6,1,9
BRDA:88,7,0,13
BRDA:88,7,1,11
BRDA:92,8,0,2
BRDA:92,8,1,7
BRDA:103,9,0,2
BRDA:103,9,1,8
BRDA:110,10,0,4
BRDA:110,10,1,4
BRDA:110,11,0,8
BRDA:110,11,1,6
BRDA:124,12,0,3
BRDA:124,12,1,12
BRDA:124,13,0,15
BRDA:124,13,1,13
BRDA:131,14,0,3
BRDA:131,14,1,9
BRDA:131,15,0,12
BRDA:131,15,1,10
BRDA:138,16,0,3
BRDA:138,16,1,6
BRDA:138,17,0,9
BRDA:138,17,1,8
BRDA:145,18,0,4
BRDA:145,18,1,2
BRDA:159,19,0,2
BRDA:159,19,1,8
BRDA:166,20,0,3
BRDA:166,20,1,5
BRDA:166,21,0,8
BRDA:166,21,1,7
BRDA:173,22,0,3
BRDA:173,22,1,2
BRDA:173,23,0,5
BRDA:173,23,1,4
BRDA:187,24,0,2
BRDA:187,24,1,2
BRDA:200,25,0,1
BRDA:200,25,1,1
BRF:52
BRH:52
end_of_record
TN:
SF:services\VisualizationService.js
FN:7,(anonymous_0)
FN:11,(anonymous_1)
FN:12,(anonymous_2)
FN:20,(anonymous_3)
FN:23,(anonymous_4)
FN:39,(anonymous_5)
FN:62,(anonymous_6)
FN:66,(anonymous_7)
FN:94,(anonymous_8)
FN:97,(anonymous_9)
FN:98,(anonymous_10)
FN:112,(anonymous_11)
FN:115,(anonymous_12)
FN:121,(anonymous_13)
FN:139,(anonymous_14)
FN:141,(anonymous_15)
FN:148,(anonymous_16)
FNF:17
FNH:17
FNDA:4,(anonymous_0)
FNDA:8,(anonymous_1)
FNDA:12,(anonymous_2)
FNDA:24,(anonymous_3)
FNDA:12,(anonymous_4)
FNDA:12,(anonymous_5)
FNDA:3,(anonymous_6)
FNDA:9,(anonymous_7)
FNDA:8,(anonymous_8)
FNDA:16,(anonymous_9)
FNDA:24,(anonymous_10)
FNDA:2,(anonymous_11)
FNDA:4,(anonymous_12)
FNDA:6,(anonymous_13)
FNDA:9,(anonymous_14)
FNDA:20,(anonymous_15)
FNDA:10,(anonymous_16)
DA:8,4
DA:9,4
DA:11,4
DA:12,8
DA:13,12
DA:20,12
DA:21,24
DA:22,24
DA:23,24
DA:25,24
DA:34,12
DA:38,4
DA:39,12
DA:63,3
DA:64,3
DA:66,3
DA:67,9
DA:74,9
DA:75,6
DA:88,3
DA:95,8
DA:97,8
DA:98,16
DA:99,24
DA:100,24
DA:101,10
DA:106,8
DA:113,2
DA:115,2
DA:116,4
DA:121,4
DA:122,6
DA:123,6
DA:130,4
DA:133,2
DA:140,9
DA:141,20
DA:142,9
DA:149,10
DA:150,7
DA:151,6
DA:152,3
DA:156,2
LF:43
LH:43
BRDA:21,0,0,24
BRDA:21,0,1,0
BRDA:22,1,0,12
BRDA:22,1,1,12
BRDA:23,2,0,12
BRDA:23,2,1,12
BRDA:30,3,0,12
BRDA:30,3,1,12
BRDA:43,4,0,12
BRDA:43,4,1,0
BRDA:44,5,0,12
BRDA:44,5,1,0
BRDA:45,6,0,12
BRDA:45,6,1,8
BRDA:46,7,0,12
BRDA:46,7,1,4
BRDA:47,8,0,12
BRDA:47,8,1,0
BRDA:48,9,0,12
BRDA:48,9,1,0
BRDA:49,10,0,12
BRDA:49,10,1,0
BRDA:50,11,0,12
BRDA:50,11,1,0
BRDA:51,12,0,12
BRDA:51,12,1,0
BRDA:74,13,0,6
BRDA:74,13,1,3
BRDA:99,14,0,24
BRDA:99,14,1,0
BRDA:100,15,0,10
BRDA:100,15,1,14
BRDA:141,16,0,20
BRDA:141,16,1,20
BRDA:149,17,0,3
BRDA:149,17,1,7
BRDA:150,18,0,1
BRDA:150,18,1,6
BRDA:151,19,0,3
BRDA:151,19,1,3
BRF:40
BRH:31
end_of_record
TN:
SF:services\WebPushService.js
FN:22,(anonymous_0)
FN:30,(anonymous_1)
FN:75,(anonymous_2)
FN:89,(anonymous_3)
FN:107,(anonymous_4)
FN:126,(anonymous_5)
FN:143,(anonymous_6)
FN:150,(anonymous_7)
FN:160,(anonymous_8)
FN:171,(anonymous_9)
FN:180,(anonymous_10)
FN:190,(anonymous_11)
FN:201,(anonymous_12)
FN:210,(anonymous_13)
FN:229,(anonymous_14)
FN:250,(anonymous_15)
FNF:16
FNH:2
FNDA:13,(anonymous_0)
FNDA:1,(anonymous_1)
FNDA:0,(anonymous_2)
FNDA:0,(anonymous_3)
FNDA:0,(anonymous_4)
FNDA:0,(anonymous_5)
FNDA:0,(anonymous_6)
FNDA:0,(anonymous_7)
FNDA:0,(anonymous_8)
FNDA:0,(anonymous_9)
FNDA:0,(anonymous_10)
FNDA:0,(anonymous_11)
FNDA:0,(anonymous_12)
FNDA:0,(anonymous_13)
FNDA:0,(anonymous_14)
FNDA:0,(anonymous_15)
DA:7,13
DA:8,13
DA:11,13
DA:12,13
DA:15,13
DA:23,13
DA:24,13
DA:31,1
DA:32,0
DA:33,0
DA:37,1
DA:39,1
DA:40,1
DA:41,1
DA:44,0
DA:46,0
DA:47,0
DA:48,0
DA:49,0
DA:56,0
DA:57,0
DA:59,0
DA:62,0
DA:63,0
DA:64,0
DA:67,0
DA:75,0
DA:76,0
DA:78,0
DA:90,0
DA:108,0
DA:127,0
DA:144,0
DA:151,0
DA:153,0
DA:154,0
DA:155,0
DA:158,0
DA:160,0
DA:161,0
DA:162,0
DA:163,0
DA:165,0
DA:166,0
DA:170,0
DA:171,0
DA:173,0
DA:174,0
DA:181,0
DA:183,0
DA:184,0
DA:185,0
DA:188,0
DA:190,0
DA:191,0
DA:192,0
DA:193,0
DA:195,0
DA:196,0
DA:200,0
DA:201,0
DA:203,0
DA:204,0
DA:211,0
DA:230,0
DA:251,0
DA:270,13
LF:67
LH:13
BRDA:31,0,0,0
BRDA:31,0,1,1
BRDA:39,1,0,1
BRDA:39,1,1,0
BRDA:62,2,0,0
BRDA:62,2,1,0
BRDA:62,3,0,0
BRDA:62,3,1,0
BRDA:153,4,0,0
BRDA:153,4,1,0
BRDA:171,5,0,0
BRDA:171,5,1,0
BRDA:183,6,0,0
BRDA:183,6,1,0
BRDA:201,7,0,0
BRDA:201,7,1,0
BRF:16
BRH:2
end_of_record
TN:
SF:services\reallocation\AllocationService.js
FN:16,(anonymous_0)
FN:41,(anonymous_1)
FN:42,(anonymous_2)
FN:55,(anonymous_3)
FN:167,(anonymous_4)
FN:177,(anonymous_5)
FN:190,(anonymous_6)
FN:216,(anonymous_7)
FN:254,(anonymous_8)
FN:290,(anonymous_9)
FN:301,(anonymous_10)
FN:350,(anonymous_11)
FN:352,(anonymous_12)
FN:371,(anonymous_13)
FNF:14
FNH:14
FNDA:5,(anonymous_0)
FNDA:3,(anonymous_1)
FNDA:3,(anonymous_2)
FNDA:11,(anonymous_3)
FNDA:23,(anonymous_4)
FNDA:21,(anonymous_5)
FNDA:3,(anonymous_6)
FNDA:21,(anonymous_7)
FNDA:19,(anonymous_8)
FNDA:17,(anonymous_9)
FNDA:5,(anonymous_10)
FNDA:8,(anonymous_11)
FNDA:11,(anonymous_12)
FNDA:10,(anonymous_13)
DA:7,16
DA:8,16
DA:17,5
DA:18,5
DA:19,2
DA:22,3
DA:24,3
DA:25,3
DA:26,3
DA:27,2
DA:29,1
DA:30,1
DA:38,3
DA:41,3
DA:42,3
DA:46,2
DA:47,2
DA:56,11
DA:59,11
DA:60,11
DA:61,2
DA:65,9
DA:66,9
DA:67,1
DA:71,8
DA:72,8
DA:73,8
DA:75,8
DA:76,8
DA:77,0
DA:78,0
DA:84,8
DA:87,8
DA:90,8
DA:93,8
DA:103,8
DA:111,8
DA:112,8
DA:113,8
DA:115,8
DA:116,8
DA:117,8
DA:118,8
DA:121,8
DA:122,8
DA:123,8
DA:136,7
DA:140,7
DA:141,7
DA:142,7
DA:147,7
DA:151,1
DA:154,8
DA:169,23
DA:170,23
DA:171,23
DA:172,23
DA:173,23
DA:174,23
DA:177,23
DA:178,23
DA:179,21
DA:180,21
DA:184,23
DA:185,69
DA:190,23
DA:191,22
DA:206,22
DA:209,23
DA:218,21
DA:219,61
DA:222,61
DA:223,2
DA:231,19
DA:232,4
DA:233,3
DA:236,2
DA:237,2
DA:239,2
DA:240,1
DA:247,18
DA:255,19
DA:256,19
DA:257,19
DA:259,19
DA:260,19
DA:276,18
DA:277,18
DA:278,18
DA:279,18
DA:281,1
DA:282,1
DA:291,17
DA:292,16
DA:293,16
DA:294,16
DA:302,5
DA:303,5
DA:304,5
DA:305,1
DA:309,4
DA:310,4
DA:311,1
DA:315,3
DA:316,3
DA:317,1
DA:321,2
DA:324,2
DA:325,2
DA:329,2
DA:330,2
DA:331,0
DA:334,2
DA:341,3
DA:342,3
DA:351,8
DA:352,8
DA:353,11
DA:360,1
DA:361,1
DA:372,10
DA:373,10
DA:376,10
DA:378,10
DA:379,1
DA:383,9
DA:384,9
DA:385,1
DA:389,8
DA:390,1
DA:394,7
DA:395,7
DA:396,1
DA:400,6
DA:401,6
DA:402,1
DA:406,5
DA:409,5
DA:412,5
DA:415,5
DA:422,5
DA:424,5
DA:433,5
DA:434,5
DA:439,16
LF:145
LH:142
BRDA:18,0,0,2
BRDA:18,0,1,3
BRDA:18,1,0,5
BRDA:18,1,1,4
BRDA:60,2,0,2
BRDA:60,2,1,9
BRDA:66,3,0,1
BRDA:66,3,1,8
BRDA:76,4,0,0
BRDA:76,4,1,8
BRDA:115,5,0,8
BRDA:115,5,1,0
BRDA:121,6,0,8
BRDA:121,6,1,0
BRDA:140,7,0,7
BRDA:140,7,1,0
BRDA:178,8,0,21
BRDA:178,8,1,2
BRDA:190,9,0,22
BRDA:190,9,1,1
BRDA:222,10,0,2
BRDA:222,10,1,59
BRDA:222,11,0,61
BRDA:222,11,1,3
BRDA:222,11,2,3
BRDA:222,11,3,2
BRDA:232,12,0,1
BRDA:232,12,1,3
BRDA:233,13,0,1
BRDA:233,13,1,2
BRDA:239,14,0,1
BRDA:239,14,1,1
BRDA:291,15,0,16
BRDA:291,15,1,1
BRDA:292,16,0,16
BRDA:292,16,1,16
BRDA:293,17,0,16
BRDA:293,17,1,0
BRDA:294,18,0,16
BRDA:294,18,1,0
BRDA:304,19,0,1
BRDA:304,19,1,4
BRDA:310,20,0,1
BRDA:310,20,1,3
BRDA:316,21,0,1
BRDA:316,21,1,2
BRDA:324,22,0,2
BRDA:324,22,1,0
BRDA:330,23,0,0
BRDA:330,23,1,2
BRDA:353,24,0,11
BRDA:353,24,1,4
BRDA:353,24,2,4
BRDA:353,24,3,4
BRDA:353,24,4,4
BRDA:378,25,0,1
BRDA:378,25,1,9
BRDA:378,26,0,10
BRDA:378,26,1,10
BRDA:384,27,0,1
BRDA:384,27,1,8
BRDA:389,28,0,1
BRDA:389,28,1,7
BRDA:389,29,0,8
BRDA:389,29,1,1
BRDA:390,30,0,1
BRDA:390,30,1,0
BRDA:395,31,0,1
BRDA:395,31,1,6
BRDA:401,32,0,1
BRDA:401,32,1,5
BRF:71
BRH:62
end_of_record
TN:
SF:services\reallocation\EligibilityService.js
FN:19,(anonymous_0)
FN:73,(anonymous_1)
FN:132,(anonymous_2)
FN:174,(anonymous_3)
FN:179,(anonymous_4)
FN:183,(anonymous_5)
FN:199,(anonymous_6)
FN:224,(anonymous_7)
FN:226,(anonymous_8)
FN:227,(anonymous_9)
FN:245,(anonymous_10)
FN:250,(anonymous_11)
FN:267,(anonymous_12)
FN:268,(anonymous_13)
FN:285,(anonymous_14)
FN:290,(anonymous_15)
FNF:16
FNH:16
FNDA:11,(anonymous_0)
FNDA:10,(anonymous_1)
FNDA:15,(anonymous_2)
FNDA:11,(anonymous_3)
FNDA:9,(anonymous_4)
FNDA:12,(anonymous_5)
FNDA:12,(anonymous_6)
FNDA:10,(anonymous_7)
FNDA:15,(anonymous_8)
FNDA:28,(anonymous_9)
FNDA:4,(anonymous_10)
FNDA:3,(anonymous_11)
FNDA:1,(anonymous_12)
FNDA:2,(anonymous_13)
FNDA:4,(anonymous_14)
FNDA:4,(anonymous_15)
DA:8,16
DA:11,16
DA:20,11
DA:21,11
DA:24,11
DA:25,1
DA:29,10
DA:30,2
DA:34,8
DA:35,8
DA:36,1
DA:40,7
DA:41,1
DA:45,6
DA:46,6
DA:47,1
DA:51,5
DA:56,5
DA:57,1
DA:60,4
DA:61,4
DA:63,0
DA:64,0
DA:74,10
DA:75,10
DA:78,10
DA:79,10
DA:80,2
DA:81,2
DA:87,8
DA:90,8
DA:91,1
DA:99,7
DA:100,2
DA:108,5
DA:109,2
DA:116,3
DA:117,3
DA:119,0
DA:120,0
DA:134,15
DA:135,9
DA:139,6
DA:141,6
DA:143,4
DA:150,2
DA:152,2
DA:153,1
DA:160,1
DA:161,0
DA:168,1
DA:175,11
DA:176,11
DA:177,10
DA:179,9
DA:180,9
DA:183,9
DA:184,12
DA:191,2
DA:192,2
DA:200,12
DA:201,12
DA:202,11
DA:205,10
DA:206,34
DA:207,34
DA:208,2
DA:209,2
DA:210,2
DA:214,8
DA:216,1
DA:217,1
DA:225,10
DA:226,15
DA:227,28
DA:229,10
DA:230,4
DA:233,6
DA:234,6
DA:236,0
DA:237,0
DA:246,4
DA:247,4
DA:248,3
DA:250,3
DA:251,3
DA:258,3
DA:259,2
DA:267,3
DA:268,1
DA:269,2
DA:270,2
DA:272,1
DA:275,3
DA:277,1
DA:278,1
DA:286,4
DA:287,4
DA:288,4
DA:290,4
DA:291,4
DA:299,4
DA:301,2
DA:302,1
DA:307,1
DA:314,2
DA:323,4
DA:331,16
LF:108
LH:101
BRDA:24,0,0,1
BRDA:24,0,1,10
BRDA:29,1,0,2
BRDA:29,1,1,8
BRDA:35,2,0,1
BRDA:35,2,1,7
BRDA:35,3,0,8
BRDA:35,3,1,8
BRDA:40,4,0,1
BRDA:40,4,1,6
BRDA:46,5,0,1
BRDA:46,5,1,5
BRDA:56,6,0,1
BRDA:56,6,1,4
BRDA:73,7,0,5
BRDA:79,8,0,2
BRDA:79,8,1,8
BRDA:90,9,0,1
BRDA:90,9,1,7
BRDA:99,10,0,2
BRDA:99,10,1,5
BRDA:108,11,0,2
BRDA:108,11,1,3
BRDA:134,12,0,9
BRDA:134,12,1,6
BRDA:141,13,0,4
BRDA:141,13,1,2
BRDA:152,14,0,1
BRDA:152,14,1,1
BRDA:152,15,0,2
BRDA:152,15,1,1
BRDA:160,16,0,0
BRDA:160,16,1,1
BRDA:177,17,0,1
BRDA:177,17,1,9
BRDA:180,18,0,0
BRDA:180,18,1,9
BRDA:184,19,0,12
BRDA:184,19,1,4
BRDA:184,19,2,4
BRDA:184,19,3,4
BRDA:184,19,4,3
BRDA:202,20,0,1
BRDA:202,20,1,10
BRDA:207,21,0,2
BRDA:207,21,1,32
BRDA:209,22,0,2
BRDA:209,22,1,0
BRDA:209,23,0,2
BRDA:209,23,1,2
BRDA:229,24,0,4
BRDA:229,24,1,6
BRDA:229,25,0,10
BRDA:229,25,1,7
BRDA:258,26,0,2
BRDA:258,26,1,1
BRDA:270,27,0,2
BRDA:270,27,1,0
BRDA:285,28,0,3
BRDA:299,29,0,2
BRDA:299,29,1,2
BRDA:301,30,0,1
BRDA:301,30,1,1
BRF:63
BRH:59
end_of_record
TN:
SF:services\reallocation\NoShowService.js
FN:18,(anonymous_0)
FN:82,(anonymous_1)
FN:94,(anonymous_2)
FN:112,(anonymous_3)
FNF:4
FNH:3
FNDA:11,(anonymous_0)
FNDA:7,(anonymous_1)
FNDA:6,(anonymous_2)
FNDA:0,(anonymous_3)
DA:7,11
DA:8,11
DA:9,11
DA:19,11
DA:21,11
DA:22,10
DA:23,1
DA:26,9
DA:29,9
DA:30,1
DA:33,8
DA:34,1
DA:38,7
DA:41,7
DA:44,6
DA:47,6
DA:50,5
DA:59,5
DA:61,5
DA:73,6
DA:74,6
DA:83,7
DA:84,18
DA:85,16
DA:95,6
DA:96,6
DA:97,6
DA:101,5
DA:103,1
DA:104,1
DA:113,0
DA:114,0
DA:115,0
DA:116,0
DA:122,11
LF:35
LH:31
BRDA:22,0,0,1
BRDA:22,0,1,9
BRDA:29,1,0,1
BRDA:29,1,1,8
BRDA:33,2,0,1
BRDA:33,2,1,7
BRDA:84,3,0,16
BRDA:84,3,1,1
BRDA:113,4,0,0
BRDA:113,4,1,0
BRDA:114,5,0,0
BRDA:114,5,1,0
BRDA:115,6,0,0
BRDA:115,6,1,0
BRDA:116,7,0,0
BRDA:116,7,1,0
BRF:16
BRH:8
end_of_record
TN:
SF:services\reallocation\RACQueueService.js
FN:14,(anonymous_0)
FN:18,(anonymous_1)
FN:47,(anonymous_2)
FN:51,(anonymous_3)
FN:75,(anonymous_4)
FN:79,(anonymous_5)
FN:93,(anonymous_6)
FN:134,(anonymous_7)
FN:137,(anonymous_8)
FN:138,(anonymous_9)
FN:139,(anonymous_10)
FN:158,(anonymous_11)
FN:164,(anonymous_12)
FN:180,(anonymous_13)
FN:182,(anonymous_14)
FN:197,(anonymous_15)
FN:199,(anonymous_16)
FNF:17
FNH:17
FNDA:14,(anonymous_0)
FNDA:25,(anonymous_1)
FNDA:1,(anonymous_2)
FNDA:3,(anonymous_3)
FNDA:1,(anonymous_4)
FNDA:2,(anonymous_5)
FNDA:2,(anonymous_6)
FNDA:2,(anonymous_7)
FNDA:6,(anonymous_8)
FNDA:4,(anonymous_9)
FNDA:6,(anonymous_10)
FNDA:2,(anonymous_11)
FNDA:3,(anonymous_12)
FNDA:2,(anonymous_13)
FNDA:4,(anonymous_14)
FNDA:4,(anonymous_15)
FNDA:5,(anonymous_16)
DA:7,12
DA:15,14
DA:16,14
DA:18,25
DA:38,0
DA:39,0
DA:48,1
DA:49,1
DA:51,1
DA:53,3
DA:56,3
DA:59,3
DA:62,3
DA:64,3
DA:67,0
DA:68,0
DA:76,1
DA:77,1
DA:79,1
DA:80,2
DA:85,0
DA:86,0
DA:94,2
DA:95,2
DA:97,2
DA:98,1
DA:104,1
DA:106,1
DA:123,0
DA:124,0
DA:135,2
DA:136,2
DA:137,6
DA:138,4
DA:139,6
DA:141,2
DA:150,0
DA:151,0
DA:159,2
DA:160,2
DA:163,2
DA:164,2
DA:165,3
DA:166,3
DA:167,3
DA:170,2
DA:172,0
DA:173,0
DA:181,2
DA:182,4
DA:183,2
DA:184,1
DA:185,1
DA:187,1
DA:189,0
DA:190,0
DA:198,4
DA:199,5
DA:200,3
DA:201,2
DA:202,2
DA:204,1
DA:206,1
DA:207,1
DA:212,12
LF:65
LH:51
BRDA:16,0,0,14
BRDA:16,0,1,2
BRDA:53,1,0,3
BRDA:53,1,1,3
BRDA:59,2,0,3
BRDA:59,2,1,3
BRDA:64,3,0,3
BRDA:64,3,1,3
BRDA:64,3,2,2
BRDA:64,3,3,1
BRDA:80,4,0,2
BRDA:80,4,1,2
BRDA:80,4,2,1
BRDA:97,5,0,1
BRDA:97,5,1,1
BRDA:118,6,0,1
BRDA:118,6,1,0
BRDA:165,7,0,3
BRDA:165,7,1,3
BRDA:166,8,0,1
BRDA:166,8,1,2
BRDA:183,9,0,1
BRDA:183,9,1,1
BRDA:200,10,0,2
BRDA:200,10,1,1
BRF:25
BRH:24
end_of_record
TN:
SF:services\reallocation\VacancyService.js
FN:15,(anonymous_0)
FN:18,(anonymous_1)
FN:19,(anonymous_2)
FN:23,(anonymous_3)
FN:49,(anonymous_4)
FN:98,(anonymous_5)
FN:124,(anonymous_6)
FN:131,(anonymous_7)
FN:132,(anonymous_8)
FN:138,(anonymous_9)
FN:139,(anonymous_10)
FN:145,(anonymous_11)
FN:147,(anonymous_12)
FN:155,(anonymous_13)
FNF:14
FNH:13
FNDA:19,(anonymous_0)
FNDA:19,(anonymous_1)
FNDA:55,(anonymous_2)
FNDA:46,(anonymous_3)
FNDA:55,(anonymous_4)
FNDA:0,(anonymous_5)
FNDA:1,(anonymous_6)
FNDA:2,(anonymous_7)
FNDA:6,(anonymous_8)
FNDA:1,(anonymous_9)
FNDA:3,(anonymous_10)
FNDA:3,(anonymous_11)
FNDA:12,(anonymous_12)
FNDA:1,(anonymous_13)
DA:7,17
DA:16,19
DA:18,19
DA:19,19
DA:21,55
DA:23,55
DA:24,46
DA:40,19
DA:50,55
DA:51,55
DA:53,55
DA:57,238
DA:61,238
DA:63,104
DA:64,46
DA:68,134
DA:69,0
DA:75,0
DA:81,55
DA:82,46
DA:90,55
DA:99,0
DA:101,0
DA:103,0
DA:104,0
DA:105,0
DA:108,0
DA:110,0
DA:111,0
DA:114,0
DA:118,0
DA:125,1
DA:132,6
DA:139,3
DA:146,3
DA:147,12
DA:156,1
DA:160,17
LF:38
LH:26
BRDA:57,0,0,238
BRDA:57,0,1,0
BRDA:61,1,0,104
BRDA:61,1,1,134
BRDA:63,2,0,46
BRDA:63,2,1,58
BRDA:68,3,0,0
BRDA:68,3,1,134
BRDA:72,4,0,0
BRDA:72,4,1,0
BRDA:73,5,0,0
BRDA:73,5,1,0
BRDA:81,6,0,46
BRDA:81,6,1,9
BRDA:85,7,0,46
BRDA:85,7,1,10
BRDA:86,8,0,46
BRDA:86,8,1,46
BRDA:99,9,0,0
BRDA:99,9,1,0
BRDA:108,10,0,0
BRDA:108,10,1,0
BRDA:108,11,0,0
BRDA:108,11,1,0
BRDA:145,12,0,0
BRF:25
BRH:12
end_of_record
TN:
SF:services\reallocation\reallocationConstants.js
FNF:0
FNH:0
DA:7,7
LF:1
LH:1
BRF:0
BRH:0
end_of_record
TN:
SF:utils\berthAllocator.js
FN:7,(anonymous_0)
FN:16,(anonymous_1)
FN:20,(anonymous_2)
FN:34,(anonymous_3)
FN:35,(anonymous_4)
FN:45,(anonymous_5)
FN:56,(anonymous_6)
FN:63,(anonymous_7)
FN:65,(anonymous_8)
FN:74,(anonymous_9)
FN:117,(anonymous_10)
FN:124,(anonymous_11)
FN:131,(anonymous_12)
FN:138,(anonymous_13)
FN:151,(anonymous_14)
FN:180,(anonymous_15)
FN:185,(anonymous_16)
FNF:17
FNH:17
FNDA:13,(anonymous_0)
FNDA:9,(anonymous_1)
FNDA:22,(anonymous_2)
FNDA:4,(anonymous_3)
FNDA:8,(anonymous_4)
FNDA:2,(anonymous_5)
FNDA:2,(anonymous_6)
FNDA:1,(anonymous_7)
FNDA:3,(anonymous_8)
FNDA:9,(anonymous_9)
FNDA:3,(anonymous_10)
FNDA:13,(anonymous_11)
FNDA:4,(anonymous_12)
FNDA:2,(anonymous_13)
FNDA:3,(anonymous_14)
FNDA:3,(anonymous_15)
FNDA:3,(anonymous_16)
DA:8,13
DA:10,3
DA:13,10
DA:17,9
DA:21,22
DA:28,22
DA:35,4
DA:36,8
DA:37,8
DA:38,8
DA:46,2
DA:47,2
DA:57,2
DA:64,1
DA:65,1
DA:66,3
DA:76,9
DA:77,2
DA:85,2
DA:86,1
DA:87,1
DA:88,1
DA:89,0
DA:91,0
DA:95,7
DA:103,7
DA:104,5
DA:105,4
DA:106,3
DA:107,2
DA:109,1
DA:118,3
DA:125,13
DA:132,4
DA:139,2
DA:140,2
DA:141,2
DA:142,2
DA:143,16
DA:145,2
DA:153,3
DA:156,3
DA:157,1
DA:164,2
DA:165,1
DA:171,1
DA:181,3
DA:184,3
DA:185,3
DA:189,3
DA:192,3
DA:196,1
LF:52
LH:50
BRDA:7,0,0,1
BRDA:8,1,0,3
BRDA:8,1,1,10
BRDA:16,2,0,0
BRDA:28,3,0,22
BRDA:28,3,1,1
BRDA:66,4,0,3
BRDA:66,4,1,2
BRDA:66,4,2,1
BRDA:74,5,0,0
BRDA:76,6,0,2
BRDA:76,6,1,7
BRDA:85,7,0,1
BRDA:85,7,1,1
BRDA:86,8,0,0
BRDA:86,8,1,1
BRDA:87,9,0,0
BRDA:87,9,1,1
BRDA:88,10,0,1
BRDA:88,10,1,0
BRDA:89,11,0,0
BRDA:89,11,1,0
BRDA:103,12,0,2
BRDA:103,12,1,5
BRDA:104,13,0,1
BRDA:104,13,1,4
BRDA:105,14,0,1
BRDA:105,14,1,3
BRDA:106,15,0,1
BRDA:106,15,1,2
BRDA:107,16,0,1
BRDA:107,16,1,1
BRDA:117,17,0,0
BRDA:118,18,0,3
BRDA:118,18,1,2
BRDA:156,19,0,1
BRDA:156,19,1,2
BRDA:164,20,0,1
BRDA:164,20,1,1
BRDA:180,21,0,2
BRDA:184,22,0,1
BRDA:184,22,1,2
BRDA:192,23,0,2
BRDA:192,23,1,1
BRF:44
BRH:36
end_of_record
TN:
SF:utils\constants.js
FN:5,(anonymous_0)
FN:6,(anonymous_1)
FN:91,(anonymous_2)
FN:97,(anonymous_3)
FNF:4
FNH:2
FNDA:2,(anonymous_0)
FNDA:1,(anonymous_1)
FNDA:0,(anonymous_2)
FNDA:0,(anonymous_3)
DA:3,2
DA:5,2
DA:6,1
DA:91,0
DA:97,0
LF:5
LH:3
BRDA:5,0,0,2
BRDA:5,0,1,1
BRDA:6,1,0,1
BRDA:6,1,1,0
BRDA:92,2,0,0
BRDA:92,2,1,0
BRDA:93,3,0,0
BRDA:93,3,1,0
BRDA:98,4,0,0
BRDA:98,4,1,0
BRDA:99,5,0,0
BRDA:99,5,1,0
BRF:12
BRH:3
end_of_record
TN:
SF:utils\create-indexes.js
FN:12,createAllIndexes
FN:165,dropAllIndexes
FN:199,rebuildIndexes
FN:215,getIndexStats
FNF:4
FNH:0
FNDA:0,createAllIndexes
FNDA:0,dropAllIndexes
FNDA:0,rebuildIndexes
FNDA:0,getIndexStats
DA:7,0
DA:13,0
DA:14,0
DA:16,0
DA:17,0
DA:18,0
DA:20,0
DA:21,0
DA:22,0
DA:27,0
DA:30,0
DA:34,0
DA:37,0
DA:40,0
DA:43,0
DA:46,0
DA:49,0
DA:53,0
DA:56,0
DA:59,0
DA:62,0
DA:65,0
DA:68,0
DA:72,0
DA:75,0
DA:78,0
DA:81,0
DA:84,0
DA:87,0
DA:91,0
DA:95,0
DA:98,0
DA:102,0
DA:105,0
DA:108,0
DA:111,0
DA:114,0
DA:117,0
DA:120,0
DA:124,0
DA:127,0
DA:131,0
DA:134,0
DA:137,0
DA:140,0
DA:143,0
DA:145,0
DA:146,0
DA:147,0
DA:148,0
DA:149,0
DA:150,0
DA:152,0
DA:154,0
DA:155,0
DA:156,0
DA:158,0
DA:166,0
DA:167,0
DA:169,0
DA:170,0
DA:171,0
DA:173,0
DA:174,0
DA:175,0
DA:178,0
DA:179,0
DA:180,0
DA:183,0
DA:184,0
DA:185,0
DA:188,0
DA:189,0
DA:191,0
DA:192,0
DA:200,0
DA:201,0
DA:202,0
DA:203,0
DA:204,0
DA:205,0
DA:207,0
DA:208,0
DA:216,0
DA:217,0
DA:219,0
DA:223,0
DA:225,0
DA:226,0
DA:230,0
LF:90
LH:0
BRDA:20,0,0,0
BRDA:20,0,1,0
BRDA:20,1,0,0
BRDA:20,1,1,0
BRDA:20,1,2,0
BRDA:155,2,0,0
BRDA:155,2,1,0
BRDA:173,3,0,0
BRDA:173,3,1,0
BRDA:178,4,0,0
BRDA:178,4,1,0
BRDA:183,5,0,0
BRDA:183,5,1,0
BRF:13
BRH:0
end_of_record
TN:
SF:utils\envValidator.js
FN:39,validateEnv
FN:79,(anonymous_1)
FN:87,(anonymous_2)
FN:92,(anonymous_3)
FN:97,(anonymous_4)
FN:119,validateEnvOrExit
FN:134,getEnvInfo
FNF:7
FNH:4
FNDA:4,validateEnv
FNDA:12,(anonymous_1)
FNDA:17,(anonymous_2)
FNDA:0,(anonymous_3)
FNDA:3,(anonymous_4)
FNDA:0,validateEnvOrExit
FNDA:0,getEnvInfo
DA:4,1
DA:19,1
DA:40,4
DA:42,4
DA:43,4
DA:44,4
DA:47,4
DA:48,20
DA:50,20
DA:51,3
DA:52,17
DA:53,13
DA:54,13
DA:55,4
DA:57,4
DA:58,0
DA:60,4
DA:65,4
DA:66,32
DA:68,32
DA:69,4
DA:72,32
DA:73,0
DA:78,4
DA:79,12
DA:80,4
DA:81,0
DA:85,4
DA:86,4
DA:87,17
DA:90,4
DA:91,0
DA:92,0
DA:95,4
DA:96,3
DA:97,3
DA:98,3
DA:100,3
DA:107,1
DA:109,1
DA:120,0
DA:122,0
DA:123,0
DA:124,0
DA:125,0
DA:128,0
DA:135,0
DA:145,1
LF:48
LH:36
BRDA:50,0,0,3
BRDA:50,0,1,17
BRDA:50,1,0,20
BRDA:50,1,1,16
BRDA:50,1,2,3
BRDA:52,2,0,13
BRDA:52,2,1,4
BRDA:52,3,0,17
BRDA:52,3,1,13
BRDA:54,4,0,0
BRDA:54,4,1,13
BRDA:55,5,0,4
BRDA:55,5,1,0
BRDA:57,6,0,0
BRDA:57,6,1,4
BRDA:57,7,0,4
BRDA:57,7,1,1
BRDA:60,8,0,1
BRDA:60,8,1,3
BRDA:60,9,0,0
BRDA:60,9,1,3
BRDA:68,10,0,4
BRDA:68,10,1,28
BRDA:68,11,0,32
BRDA:68,11,1,32
BRDA:72,12,0,0
BRDA:72,12,1,32
BRDA:80,13,0,0
BRDA:80,13,1,4
BRDA:80,14,0,4
BRDA:80,14,1,0
BRDA:85,15,0,4
BRDA:85,15,1,0
BRDA:90,16,0,0
BRDA:90,16,1,4
BRDA:95,17,0,3
BRDA:95,17,1,1
BRDA:122,18,0,0
BRDA:122,18,1,0
BRDA:136,19,0,0
BRDA:136,19,1,0
BRDA:137,20,0,0
BRDA:137,20,1,0
BRDA:138,21,0,0
BRDA:138,21,1,0
BRDA:140,22,0,0
BRDA:140,22,1,0
BRDA:141,23,0,0
BRDA:141,23,1,0
BRF:49
BRH:28
end_of_record
TN:
SF:utils\error-handler.js
FN:8,(anonymous_0)
FN:19,(anonymous_1)
FN:25,(anonymous_2)
FN:31,(anonymous_3)
FN:37,(anonymous_4)
FN:43,(anonymous_5)
FN:49,(anonymous_6)
FN:55,(anonymous_7)
FN:64,(anonymous_8)
FN:108,(anonymous_9)
FN:108,(anonymous_10)
FN:115,(anonymous_11)
FNF:12
FNH:12
FNDA:16,(anonymous_0)
FNDA:3,(anonymous_1)
FNDA:1,(anonymous_2)
FNDA:3,(anonymous_3)
FNDA:1,(anonymous_4)
FNDA:1,(anonymous_5)
FNDA:1,(anonymous_6)
FNDA:1,(anonymous_7)
FNDA:7,(anonymous_8)
FNDA:4,(anonymous_9)
FNDA:4,(anonymous_10)
FNDA:3,(anonymous_11)
DA:9,16
DA:10,16
DA:11,16
DA:12,16
DA:13,16
DA:14,16
DA:20,3
DA:26,1
DA:32,3
DA:38,1
DA:44,1
DA:50,1
DA:56,1
DA:64,1
DA:65,7
DA:68,7
DA:69,5
DA:70,1
DA:71,4
DA:72,1
DA:73,3
DA:74,1
DA:75,2
DA:76,1
DA:78,1
DA:85,7
DA:86,7
DA:87,7
DA:88,1
DA:92,7
DA:108,4
DA:109,4
DA:115,1
DA:116,3
DA:131,1
LF:35
LH:35
BRDA:8,0,0,1
BRDA:8,1,0,2
BRDA:8,2,0,2
BRDA:19,3,0,2
BRDA:25,4,0,1
BRDA:31,5,0,3
BRDA:37,6,0,1
BRDA:43,7,0,1
BRDA:49,8,0,1
BRDA:55,9,0,1
BRDA:68,10,0,5
BRDA:68,10,1,2
BRDA:69,11,0,1
BRDA:69,11,1,4
BRDA:71,12,0,1
BRDA:71,12,1,3
BRDA:73,13,0,1
BRDA:73,13,1,2
BRDA:75,14,0,1
BRDA:75,14,1,1
BRDA:85,15,0,1
BRDA:85,15,1,6
BRDA:87,16,0,1
BRDA:87,16,1,6
BRDA:98,17,0,7
BRDA:98,17,1,1
BRDA:115,18,0,2
BRDA:119,19,0,3
BRDA:119,19,1,2
BRDA:120,20,0,3
BRDA:120,20,1,1
BRDA:123,21,0,3
BRDA:123,21,1,3
BRF:33
BRH:33
end_of_record
TN:
SF:utils\helpers.js
FN:7,(anonymous_0)
FN:19,(anonymous_1)
FN:29,(anonymous_2)
FN:37,(anonymous_3)
FN:51,(anonymous_4)
FN:55,(anonymous_5)
FN:62,(anonymous_6)
FN:70,(anonymous_7)
FN:77,(anonymous_8)
FN:85,(anonymous_9)
FN:93,(anonymous_10)
FN:106,(anonymous_11)
FN:125,(anonymous_12)
FN:132,(anonymous_13)
FN:139,(anonymous_14)
FN:146,(anonymous_15)
FN:147,(anonymous_16)
FN:156,(anonymous_17)
FN:157,(anonymous_18)
FN:163,(anonymous_19)
FN:170,(anonymous_20)
FN:181,(anonymous_21)
FN:189,(anonymous_22)
FN:196,(anonymous_23)
FN:204,(anonymous_24)
FN:211,(anonymous_25)
FN:212,(anonymous_26)
FN:224,(anonymous_27)
FN:225,(anonymous_28)
FNF:29
FNH:27
FNDA:1,(anonymous_0)
FNDA:4,(anonymous_1)
FNDA:3,(anonymous_2)
FNDA:9,(anonymous_3)
FNDA:3,(anonymous_4)
FNDA:5,(anonymous_5)
FNDA:1,(anonymous_6)
FNDA:3,(anonymous_7)
FNDA:5,(anonymous_8)
FNDA:5,(anonymous_9)
FNDA:7,(anonymous_10)
FNDA:5,(anonymous_11)
FNDA:1,(anonymous_12)
FNDA:1,(anonymous_13)
FNDA:2,(anonymous_14)
FNDA:1,(anonymous_15)
FNDA:2,(anonymous_16)
FNDA:0,(anonymous_17)
FNDA:0,(anonymous_18)
FNDA:1,(anonymous_19)
FNDA:1,(anonymous_20)
FNDA:3,(anonymous_21)
FNDA:2,(anonymous_22)
FNDA:2,(anonymous_23)
FNDA:1,(anonymous_24)
FNDA:2,(anonymous_25)
FNDA:8,(anonymous_26)
FNDA:1,(anonymous_27)
FNDA:3,(anonymous_28)
DA:8,1
DA:9,1
DA:20,4
DA:21,3
DA:23,1
DA:30,3
DA:31,3
DA:38,9
DA:45,9
DA:52,3
DA:55,5
DA:63,1
DA:64,1
DA:71,3
DA:78,5
DA:79,3
DA:86,5
DA:87,5
DA:94,7
DA:96,5
DA:97,4
DA:98,3
DA:100,2
DA:107,5
DA:108,4
DA:119,4
DA:126,1
DA:133,1
DA:140,2
DA:147,1
DA:148,2
DA:149,2
DA:157,0
DA:164,1
DA:171,1
DA:172,1
DA:173,3
DA:175,1
DA:182,3
DA:183,2
DA:190,2
DA:197,2
DA:198,1
DA:205,1
DA:212,2
DA:213,8
DA:214,4
DA:216,4
DA:225,1
DA:226,3
DA:227,3
DA:228,2
DA:230,3
DA:231,3
DA:236,1
LF:55
LH:54
BRDA:20,0,0,3
BRDA:20,0,1,1
BRDA:20,1,0,4
BRDA:20,1,1,3
BRDA:20,1,2,2
BRDA:45,2,0,9
BRDA:45,2,1,1
BRDA:78,3,0,2
BRDA:78,3,1,3
BRDA:94,4,0,2
BRDA:94,4,1,5
BRDA:96,5,0,1
BRDA:96,5,1,4
BRDA:97,6,0,1
BRDA:97,6,1,3
BRDA:98,7,0,1
BRDA:98,7,1,2
BRDA:107,8,0,1
BRDA:107,8,1,4
BRDA:119,9,0,4
BRDA:119,9,1,1
BRDA:182,10,0,1
BRDA:182,10,1,2
BRDA:197,11,0,1
BRDA:197,11,1,1
BRDA:211,12,0,1
BRDA:213,13,0,4
BRDA:213,13,1,4
BRDA:214,14,0,2
BRDA:214,14,1,2
BRDA:216,15,0,2
BRDA:216,15,1,2
BRDA:227,16,0,2
BRDA:227,16,1,1
BRF:34
BRH:34
end_of_record
TN:
SF:utils\logger.js
FN:24,(anonymous_0)
FN:34,(anonymous_1)
FN:48,(anonymous_2)
FN:63,(anonymous_3)
FN:78,(anonymous_4)
FN:93,(anonymous_5)
FN:107,(anonymous_6)
FNF:7
FNH:6
FNDA:14,(anonymous_0)
FNDA:9,(anonymous_1)
FNDA:31,(anonymous_2)
FNDA:7,(anonymous_3)
FNDA:1,(anonymous_4)
FNDA:1,(anonymous_5)
FNDA:0,(anonymous_6)
DA:16,14
DA:24,14
DA:25,14
DA:26,14
DA:29,14
DA:34,14
DA:35,9
DA:36,9
DA:38,9
DA:39,0
DA:41,9
DA:48,14
DA:49,31
DA:50,0
DA:51,0
DA:52,0
DA:54,0
DA:63,14
DA:64,7
DA:65,7
DA:66,7
DA:67,0
DA:69,7
DA:78,14
DA:79,1
DA:80,1
DA:81,1
DA:82,0
DA:84,1
DA:93,14
DA:94,1
DA:95,1
DA:96,1
DA:97,0
DA:99,1
DA:107,14
DA:108,0
DA:109,0
DA:112,14
LF:39
LH:29
BRDA:25,0,0,14
BRDA:25,0,1,4
BRDA:26,1,0,14
BRDA:26,1,1,0
BRDA:38,2,0,0
BRDA:38,2,1,9
BRDA:49,3,0,0
BRDA:49,3,1,31
BRDA:51,4,0,0
BRDA:51,4,1,0
BRDA:64,5,0,7
BRDA:64,5,1,0
BRDA:66,6,0,0
BRDA:66,6,1,7
BRDA:79,7,0,1
BRDA:79,7,1,0
BRDA:81,8,0,0
BRDA:81,8,1,1
BRDA:94,9,0,1
BRDA:94,9,1,0
BRDA:96,10,0,0
BRDA:96,10,1,1
BRDA:109,11,0,0
BRDA:109,11,1,0
BRF:24
BRH:11
end_of_record
TN:
SF:utils\queryUtils.js
FN:12,withTimeout
FN:19,(anonymous_1)
FN:20,(anonymous_2)
FN:64,withRetry
FN:82,(anonymous_4)
FN:96,paginate
FNF:6
FNH:6
FNDA:4,withTimeout
FNDA:4,(anonymous_1)
FNDA:3,(anonymous_2)
FNDA:4,withRetry
FNDA:4,(anonymous_4)
FNDA:3,paginate
DA:17,4
DA:19,4
DA:20,4
DA:21,3
DA:22,3
DA:23,3
DA:27,4
DA:28,4
DA:29,4
DA:30,2
DA:33,2
DA:34,1
DA:37,2
DA:39,2
DA:40,1
DA:41,1
DA:43,1
DA:50,1
DA:70,4
DA:73,4
DA:74,8
DA:75,8
DA:77,5
DA:78,5
DA:80,4
DA:81,4
DA:82,4
DA:86,1
DA:102,3
DA:104,3
DA:106,3
DA:116,3
DA:129,1
LF:33
LH:33
BRDA:12,0,0,0
BRDA:14,1,0,0
BRDA:15,2,0,2
BRDA:16,3,0,3
BRDA:33,4,0,1
BRDA:33,4,1,1
BRDA:39,5,0,1
BRDA:39,5,1,1
BRDA:39,6,0,2
BRDA:39,6,1,2
BRDA:64,7,0,1
BRDA:66,8,0,1
BRDA:67,9,0,1
BRDA:68,10,0,4
BRDA:69,11,0,4
BRDA:78,12,0,1
BRDA:78,12,1,4
BRDA:96,13,0,1
BRDA:98,14,0,1
BRDA:99,15,0,1
BRDA:100,16,0,3
BRDA:101,17,0,3
BRF:22
BRH:20
end_of_record
TN:
SF:utils\stationOrder.js
FN:7,(anonymous_0)
FN:8,(anonymous_1)
FN:14,(anonymous_2)
FN:15,(anonymous_3)
FN:21,(anonymous_4)
FN:22,(anonymous_5)
FN:28,(anonymous_6)
FN:41,(anonymous_7)
FN:49,(anonymous_8)
FN:57,(anonymous_9)
FN:69,(anonymous_10)
FN:83,(anonymous_11)
FN:91,(anonymous_12)
FN:92,(anonymous_13)
FN:98,(anonymous_14)
FN:99,(anonymous_15)
FN:105,(anonymous_16)
FN:106,(anonymous_17)
FN:112,(anonymous_18)
FN:119,(anonymous_19)
FN:126,(anonymous_20)
FN:133,(anonymous_21)
FN:134,(anonymous_22)
FN:140,(anonymous_23)
FNF:24
FNH:24
FNDA:8,(anonymous_0)
FNDA:24,(anonymous_1)
FNDA:4,(anonymous_2)
FNDA:14,(anonymous_3)
FNDA:2,(anonymous_4)
FNDA:5,(anonymous_5)
FNDA:7,(anonymous_6)
FNDA:6,(anonymous_7)
FNDA:1,(anonymous_8)
FNDA:3,(anonymous_9)
FNDA:1,(anonymous_10)
FNDA:2,(anonymous_11)
FNDA:2,(anonymous_12)
FNDA:7,(anonymous_13)
FNDA:2,(anonymous_14)
FNDA:6,(anonymous_15)
FNDA:2,(anonymous_16)
FNDA:8,(anonymous_17)
FNDA:4,(anonymous_18)
FNDA:3,(anonymous_19)
FNDA:1,(anonymous_20)
FNDA:2,(anonymous_21)
FNDA:4,(anonymous_22)
FNDA:3,(anonymous_23)
DA:8,24
DA:15,14
DA:22,5
DA:30,7
DA:31,2
DA:32,2
DA:35,5
DA:36,2
DA:37,2
DA:41,3
DA:42,6
DA:46,3
DA:49,1
DA:50,1
DA:54,1
DA:57,1
DA:58,3
DA:59,3
DA:67,1
DA:69,1
DA:70,1
DA:71,1
DA:73,1
DA:84,2
DA:85,2
DA:92,7
DA:99,6
DA:106,8
DA:113,4
DA:120,3
DA:127,1
DA:134,4
DA:141,3
DA:142,3
DA:144,3
DA:145,2
DA:148,1
DA:149,1
DA:153,1
LF:39
LH:39
BRDA:30,0,0,2
BRDA:30,0,1,5
BRDA:30,1,0,7
BRDA:30,1,1,6
BRDA:30,1,2,6
BRDA:35,2,0,2
BRDA:35,2,1,3
BRDA:35,3,0,5
BRDA:35,3,1,3
BRDA:42,4,0,6
BRDA:42,4,1,5
BRDA:46,5,0,2
BRDA:46,5,1,1
BRDA:50,6,0,1
BRDA:50,6,1,1
BRDA:54,7,0,0
BRDA:54,7,1,1
BRDA:58,8,0,0
BRDA:58,8,1,3
BRDA:69,9,0,1
BRDA:69,9,1,0
BRDA:73,10,0,1
BRDA:73,10,1,1
BRDA:73,10,2,0
BRDA:73,10,3,0
BRDA:85,11,0,1
BRDA:85,11,1,1
BRDA:106,12,0,8
BRDA:106,12,1,7
BRDA:144,13,0,2
BRDA:144,13,1,1
BRDA:144,14,0,3
BRDA:144,14,1,2
BRF:33
BRH:28
end_of_record
